#
# A fatal error has been detected by the Java Runtime Environment:
#
#  SIGSEGV (0xb) at pc=0x00007fbca3f76c50, pid=28467, tid=0x00007fbca50e3700
#
# JRE version: Java(TM) SE Runtime Environment (8.0_111-b14) (build 1.8.0_111-b14)
# Java VM: Java HotSpot(TM) 64-Bit Server VM (25.111-b14 mixed mode linux-amd64 compressed oops)
# Problematic frame:
# V  [libjvm.so+0xa9bc50]  UTF8::unicode_length(char const*)+0x0
#
# Failed to write core dump. Core dumps have been disabled. To enable core dumping, try "ulimit -c unlimited" before starting Java again
#
# If you would like to submit a bug report, please visit:
#   http://bugreport.java.com/bugreport/crash.jsp
#

---------------  T H R E A D  ---------------

Current thread (0x00007fbc9c00a000):  JavaThread "main" [_thread_in_vm, id=28468, stack(0x00007fbca4fe4000,0x00007fbca50e4000)]

siginfo: si_signo: 11 (SIGSEGV), si_code: 1 (SEGV_MAPERR), si_addr: 0xffffffff9c0c7d80

Registers:
RAX=0x0000000000000000, RBX=0xffffffff9c0c7d80, RCX=0xffffffff9c0c7d80, RDX=0x00007fbca449a1f0
RSP=0x00007fbca50e2678, RBP=0x00007fbca50e26a0, RSI=0x00007fbc9c00a000, RDI=0xffffffff9c0c7d80
R8 =0x0000000000000000, R9 =0x0000000000000004, R10=0x0000000000000008, R11=0x0000000000000246
R12=0x00007fbc9c00a000, R13=0x0000000000000000, R14=0x00007fbc9c00a1f8, R15=0x00007fbca449ef80
RIP=0x00007fbca3f76c50, EFLAGS=0x0000000000010282, CSGSFS=0x002b000000000033, ERR=0x0000000000000005
  TRAPNO=0x000000000000000e

Top of Stack: (sp=0x00007fbca50e2678)
0x00007fbca50e2678:   00007fbca3b7272b 00007fbc9c00a000
0x00007fbca50e2688:   00007fbca50e26b0 0000000000000000
0x00007fbca50e2698:   00007fbc9c00a1f8 00007fbca50e2710
0x00007fbca50e26a8:   00007fbca3bbc803 00007fbc9c00a000
0x00007fbca50e26b8:   0000000000000000 0000000009c78562
0x00007fbca50e26c8:   000000005c34b1f5 00007fbc9c00a000
0x00007fbca50e26d8:   000000005c34b1f5 000000003b14f77f
0x00007fbca50e26e8:   00007fbca0a92eb8 0000000000000000
0x00007fbca50e26f8:   00007fbca0a92eb8 00007fbca50e27a8
0x00007fbca50e2708:   00007fbc9c00a000 00007fbca50e2740
0x00007fbca50e2718:   00007fbc776c43ad 00007fbca50e27a0
0x00007fbca50e2728:   00007fbc9c00a1f8 00007fbca50e2790
0x00007fbca50e2738:   ffffffff9c0c7d80 00007fbca50e2790
0x00007fbca50e2748:   00007fbc8d017a34 00007fbca50e2750
0x00007fbca50e2758:   00007fbca0a92eb8 00007fbca50e27a8
0x00007fbca50e2768:   00007fbca0a93620 0000000000000000
0x00007fbca50e2778:   00007fbca0a92eb8 0000000000000000
0x00007fbca50e2788:   00007fbca50e27b0 00007fbca50e27f0
0x00007fbca50e2798:   00007fbc8d008040 00000000d6e69cd0
0x00007fbca50e27a8:   00007fbc8d01153b 00007fbca50e27b0
0x00007fbca50e27b8:   00007fbca0a92058 00007fbca50e2808
0x00007fbca50e27c8:   00007fbca0a92240 0000000000000000
0x00007fbca50e27d8:   00007fbca0a92070 00007fbca50e27b0
0x00007fbca50e27e8:   00007fbca50e2808 00007fbca50e2850
0x00007fbca50e27f8:   00007fbc8d007d00 0000000000000000
0x00007fbca50e2808:   00000000d6e6b080 00007fbca50e2810
0x00007fbca50e2818:   00007fbca0a91e73 00007fbca50e2898
0x00007fbca50e2828:   00007fbca0a92240 0000000000000000
0x00007fbca50e2838:   00007fbca0a91ea0 00007fbca50e2808
0x00007fbca50e2848:   00007fbca50e2898 00007fbca50e28e0
0x00007fbca50e2858:   00007fbc8d0082bd 0000000000000000
0x00007fbca50e2868:   00000000d6e6b080 00000000d6e0a5b8 

Instructions: (pc=0x00007fbca3f76c50)
0x00007fbca3f76c30:   0f be 04 0f 8d 56 ff 25 c0 00 00 00 83 c0 80 0f
0x00007fbca3f76c40:   44 f2 48 83 c1 01 41 39 c8 7f e5 89 f0 c9 c3 90
0x00007fbca3f76c50:   0f b6 07 55 31 d2 48 89 e5 84 c0 74 1e 0f 1f 00
0x00007fbca3f76c60:   25 c0 00 00 00 83 c0 80 0f 95 c0 48 83 c7 01 0f 

Register to memory mapping:

RAX=0x0000000000000000 is an unknown value
RBX=0xffffffff9c0c7d80 is an unknown value
RCX=0xffffffff9c0c7d80 is an unknown value
RDX=0x00007fbca449a1f0: <offset 0xfbf1f0> in /usr/lib/jvm/java-8-oracle/jre/lib/amd64/server/libjvm.so at 0x00007fbca34db000
RSP=0x00007fbca50e2678 is pointing into the stack for thread: 0x00007fbc9c00a000
RBP=0x00007fbca50e26a0 is pointing into the stack for thread: 0x00007fbc9c00a000
RSI=0x00007fbc9c00a000 is a thread
RDI=0xffffffff9c0c7d80 is an unknown value
R8 =0x0000000000000000 is an unknown value
R9 =0x0000000000000004 is an unknown value
R10=0x0000000000000008 is an unknown value
R11=0x0000000000000246 is an unknown value
R12=0x00007fbc9c00a000 is a thread
R13=0x0000000000000000 is an unknown value
R14=0x00007fbc9c00a1f8 is an unknown value
R15=0x00007fbca449ef80: <offset 0xfc3f80> in /usr/lib/jvm/java-8-oracle/jre/lib/amd64/server/libjvm.so at 0x00007fbca34db000


Stack: [0x00007fbca4fe4000,0x00007fbca50e4000],  sp=0x00007fbca50e2678,  free space=1017k
Native frames: (J=compiled Java code, j=interpreted, Vv=VM code, C=native code)
V  [libjvm.so+0xa9bc50]  UTF8::unicode_length(char const*)+0x0
V  [libjvm.so+0x6e1803]  jni_NewStringUTF+0xc3
C  [libKernelWrapper.so+0x13ad]  Java_cTools_KernelWrapper_get_1current_1dir_1name+0x3e
j  cTools.KernelWrapper.get_current_dir_name()Ljava/lang/String;+0
j  customShell.parseWildcardsAndRun([Ljava/lang/String;)I+0
j  customShell.processCommand(Ljava/lang/String;)V+131
j  customShell.main([Ljava/lang/String;)V+109
v  ~StubRoutines::call_stub
V  [libjvm.so+0x690206]  JavaCalls::call_helper(JavaValue*, methodHandle*, JavaCallArguments*, Thread*)+0x1056
V  [libjvm.so+0x6d1612]  jni_invoke_static(JNIEnv_*, JavaValue*, _jobject*, JNICallType, _jmethodID*, JNI_ArgumentPusher*, Thread*)+0x362
V  [libjvm.so+0x6ede7a]  jni_CallStaticVoidMethod+0x17a
C  [libjli.so+0x7bdf]  JavaMain+0x81f
C  [libpthread.so.0+0x76db]  start_thread+0xdb

Java frames: (J=compiled Java code, j=interpreted, Vv=VM code)
j  cTools.KernelWrapper.get_current_dir_name()Ljava/lang/String;+0
j  customShell.parseWildcardsAndRun([Ljava/lang/String;)I+0
j  customShell.processCommand(Ljava/lang/String;)V+131
j  customShell.main([Ljava/lang/String;)V+109
v  ~StubRoutines::call_stub

---------------  P R O C E S S  ---------------

Java Threads: ( => current thread )
  0x00007fbc9c0c8800 JavaThread "Service Thread" daemon [_thread_blocked, id=28480, stack(0x00007fbc779c7000,0x00007fbc77ac8000)]
  0x00007fbc9c0bd800 JavaThread "C1 CompilerThread2" daemon [_thread_blocked, id=28479, stack(0x00007fbc77ac9000,0x00007fbc77bc9000)]
  0x00007fbc9c0bc000 JavaThread "C2 CompilerThread1" daemon [_thread_blocked, id=28478, stack(0x00007fbc77bca000,0x00007fbc77cca000)]
  0x00007fbc9c0b9000 JavaThread "C2 CompilerThread0" daemon [_thread_blocked, id=28477, stack(0x00007fbc8404f000,0x00007fbc8414f000)]
  0x00007fbc9c0b7800 JavaThread "Signal Dispatcher" daemon [_thread_blocked, id=28476, stack(0x00007fbc8414f000,0x00007fbc84250000)]
  0x00007fbc9c084800 JavaThread "Finalizer" daemon [_thread_blocked, id=28475, stack(0x00007fbc8c0f1000,0x00007fbc8c1f2000)]
  0x00007fbc9c080000 JavaThread "Reference Handler" daemon [_thread_blocked, id=28474, stack(0x00007fbc8c1f2000,0x00007fbc8c2f3000)]
=>0x00007fbc9c00a000 JavaThread "main" [_thread_in_vm, id=28468, stack(0x00007fbca4fe4000,0x00007fbca50e4000)]

Other Threads:
  0x00007fbc9c078000 VMThread [stack: 0x00007fbc8c2f4000,0x00007fbc8c3f4000] [id=28473]
  0x00007fbc9c0cb800 WatcherThread [stack: 0x00007fbc778c7000,0x00007fbc779c7000] [id=28481]

VM state:not at safepoint (normal execution)

VM Mutex/Monitor currently owned by a thread: None

Heap:
 PSYoungGen      total 36864K, used 1269K [0x00000000d6e00000, 0x00000000d9700000, 0x0000000100000000)
  eden space 31744K, 4% used [0x00000000d6e00000,0x00000000d6f3d728,0x00000000d8d00000)
  from space 5120K, 0% used [0x00000000d9200000,0x00000000d9200000,0x00000000d9700000)
  to   space 5120K, 0% used [0x00000000d8d00000,0x00000000d8d00000,0x00000000d9200000)
 ParOldGen       total 84992K, used 0K [0x0000000084a00000, 0x0000000089d00000, 0x00000000d6e00000)
  object space 84992K, 0% used [0x0000000084a00000,0x0000000084a00000,0x0000000089d00000)
 Metaspace       used 2594K, capacity 4494K, committed 4864K, reserved 1056768K
  class space    used 278K, capacity 386K, committed 512K, reserved 1048576K

Card table byte_map: [0x00007fbca1902000,0x00007fbca1cde000] byte_map_base: 0x00007fbca14dd000

Marking Bits: (ParMarkBitMap*) 0x00007fbca449e220
 Begin Bits: [0x00007fbc84250000, 0x00007fbc86128000)
 End Bits:   [0x00007fbc86128000, 0x00007fbc88000000)

Polling page: 0x00007fbca5119000

CodeCache: size=245760Kb used=1080Kb max_used=1080Kb free=244679Kb
 bounds [0x00007fbc8d000000, 0x00007fbc8d270000, 0x00007fbc9c000000]
 total_blobs=243 nmethods=13 adapters=145
 compilation: enabled

Compilation events (10 events):
Event: 0,062 Thread 0x00007fbc9c0bd800    9       3       java.lang.Math::min (11 bytes)
Event: 0,062 Thread 0x00007fbc9c0bd800 nmethod 9 0x00007fbc8d10c710 code [0x00007fbc8d10c880, 0x00007fbc8d10ca10]
Event: 0,062 Thread 0x00007fbc9c0bd800   10       3       java.util.Arrays::copyOfRange (63 bytes)
Event: 0,063 Thread 0x00007fbc9c0bd800 nmethod 10 0x00007fbc8d10b490 code [0x00007fbc8d10b6a0, 0x00007fbc8d10c1b8]
Event: 0,063 Thread 0x00007fbc9c0bd800   11       1       java.lang.ref.Reference::get (5 bytes)
Event: 0,063 Thread 0x00007fbc9c0bd800 nmethod 11 0x00007fbc8d10b1d0 code [0x00007fbc8d10b320, 0x00007fbc8d10b430]
Event: 0,063 Thread 0x00007fbc9c0bd800   12       1       java.lang.ThreadLocal::access$400 (5 bytes)
Event: 0,063 Thread 0x00007fbc9c0bd800 nmethod 12 0x00007fbc8d10af10 code [0x00007fbc8d10b060, 0x00007fbc8d10b150]
Event: 0,064 Thread 0x00007fbc9c0bd800   13       3       java.lang.String::getChars (62 bytes)
Event: 0,064 Thread 0x00007fbc9c0bd800 nmethod 13 0x00007fbc8d10d750 code [0x00007fbc8d10d900, 0x00007fbc8d10dd38]

GC Heap History (0 events):
No events

Deoptimization events (0 events):
No events

Internal exceptions (2 events):
Event: 0,026 Thread 0x00007fbc9c00a000 Exception <a 'java/lang/NoSuchMethodError': Method sun.misc.Unsafe.defineClass(Ljava/lang/String;[BII)Ljava/lang/Class; name or signature does not match> (0x00000000d6e07c78) thrown at [/HUDSON3/workspace/8-2-build-linux-amd64/jdk8u111/7883/hotspot/src/sh
Event: 0,026 Thread 0x00007fbc9c00a000 Exception <a 'java/lang/NoSuchMethodError': Method sun.misc.Unsafe.prefetchRead(Ljava/lang/Object;J)V name or signature does not match> (0x00000000d6e07f60) thrown at [/HUDSON3/workspace/8-2-build-linux-amd64/jdk8u111/7883/hotspot/src/share/vm/prims/jni.c

Events (10 events):
Event: 3,124 loading class java/lang/Package
Event: 3,124 loading class java/lang/Package done
Event: 3,125 loading class java/lang/ClassLoaderHelper
Event: 3,125 loading class java/lang/ClassLoaderHelper done
Event: 3,128 loading class java/util/ArrayList$SubList
Event: 3,129 loading class java/util/ArrayList$SubList done
Event: 3,130 loading class java/util/ArrayList$SubList$1
Event: 3,130 loading class java/util/ListIterator
Event: 3,130 loading class java/util/ListIterator done
Event: 3,130 loading class java/util/ArrayList$SubList$1 done


Dynamic libraries:
00400000-00401000 r-xp 00000000 08:01 3434083                            /usr/lib/jvm/java-8-oracle/jre/bin/java
00600000-00601000 rw-p 00000000 08:01 3434083                            /usr/lib/jvm/java-8-oracle/jre/bin/java
00ef5000-00f16000 rw-p 00000000 00:00 0                                  [heap]
84a00000-89d00000 rw-p 00000000 00:00 0 
89d00000-d6e00000 ---p 00000000 00:00 0 
d6e00000-d9700000 rw-p 00000000 00:00 0 
d9700000-100000000 ---p 00000000 00:00 0 
100000000-100080000 rw-p 00000000 00:00 0 
100080000-140000000 ---p 00000000 00:00 0 
7fbc50000000-7fbc50021000 rw-p 00000000 00:00 0 
7fbc50021000-7fbc54000000 ---p 00000000 00:00 0 
7fbc54000000-7fbc54021000 rw-p 00000000 00:00 0 
7fbc54021000-7fbc58000000 ---p 00000000 00:00 0 
7fbc58000000-7fbc58021000 rw-p 00000000 00:00 0 
7fbc58021000-7fbc5c000000 ---p 00000000 00:00 0 
7fbc5c000000-7fbc5c055000 rw-p 00000000 00:00 0 
7fbc5c055000-7fbc60000000 ---p 00000000 00:00 0 
7fbc60000000-7fbc60021000 rw-p 00000000 00:00 0 
7fbc60021000-7fbc64000000 ---p 00000000 00:00 0 
7fbc64000000-7fbc64026000 rw-p 00000000 00:00 0 
7fbc64026000-7fbc68000000 ---p 00000000 00:00 0 
7fbc68000000-7fbc68021000 rw-p 00000000 00:00 0 
7fbc68021000-7fbc6c000000 ---p 00000000 00:00 0 
7fbc6c000000-7fbc6c021000 rw-p 00000000 00:00 0 
7fbc6c021000-7fbc70000000 ---p 00000000 00:00 0 
7fbc70000000-7fbc70021000 rw-p 00000000 00:00 0 
7fbc70021000-7fbc74000000 ---p 00000000 00:00 0 
7fbc7752c000-7fbc776c3000 rw-p 00000000 00:00 0 
7fbc776c3000-7fbc776c5000 r-xp 00000000 08:01 3295543                    /home/philipp/Dropbox/Documents/05_Studium/99_GdBS_Labor/cTools/libKernelWrapper.so
7fbc776c5000-7fbc778c4000 ---p 00002000 08:01 3295543                    /home/philipp/Dropbox/Documents/05_Studium/99_GdBS_Labor/cTools/libKernelWrapper.so
7fbc778c4000-7fbc778c5000 r--p 00001000 08:01 3295543                    /home/philipp/Dropbox/Documents/05_Studium/99_GdBS_Labor/cTools/libKernelWrapper.so
7fbc778c5000-7fbc778c6000 rw-p 00002000 08:01 3295543                    /home/philipp/Dropbox/Documents/05_Studium/99_GdBS_Labor/cTools/libKernelWrapper.so
7fbc778c6000-7fbc778c7000 ---p 00000000 00:00 0 
7fbc778c7000-7fbc779c7000 rw-p 00000000 00:00 0 
7fbc779c7000-7fbc779ca000 ---p 00000000 00:00 0 
7fbc779ca000-7fbc77ac8000 rw-p 00000000 00:00 0 
7fbc77ac8000-7fbc77ac9000 ---p 00000000 00:00 0 
7fbc77ac9000-7fbc77acc000 ---p 00000000 00:00 0 
7fbc77acc000-7fbc77bc9000 rw-p 00000000 00:00 0 
7fbc77bc9000-7fbc77bca000 ---p 00000000 00:00 0 
7fbc77bca000-7fbc77bcd000 ---p 00000000 00:00 0 
7fbc77bcd000-7fbc77cca000 rw-p 00000000 00:00 0 
7fbc77cca000-7fbc78000000 r--p 00000000 08:01 3146423                    /usr/lib/locale/locale-archive
7fbc78000000-7fbc78021000 rw-p 00000000 00:00 0 
7fbc78021000-7fbc7c000000 ---p 00000000 00:00 0 
7fbc7c000000-7fbc7c021000 rw-p 00000000 00:00 0 
7fbc7c021000-7fbc80000000 ---p 00000000 00:00 0 
7fbc80000000-7fbc80021000 rw-p 00000000 00:00 0 
7fbc80021000-7fbc84000000 ---p 00000000 00:00 0 
7fbc8404e000-7fbc8404f000 ---p 00000000 00:00 0 
7fbc8404f000-7fbc84052000 ---p 00000000 00:00 0 
7fbc84052000-7fbc8414f000 rw-p 00000000 00:00 0 
7fbc8414f000-7fbc84152000 ---p 00000000 00:00 0 
7fbc84152000-7fbc88000000 rw-p 00000000 00:00 0 
7fbc88000000-7fbc88021000 rw-p 00000000 00:00 0 
7fbc88021000-7fbc8c000000 ---p 00000000 00:00 0 
7fbc8c001000-7fbc8c0f1000 rw-p 00000000 00:00 0 
7fbc8c0f1000-7fbc8c0f4000 ---p 00000000 00:00 0 
7fbc8c0f4000-7fbc8c1f2000 rw-p 00000000 00:00 0 
7fbc8c1f2000-7fbc8c1f5000 ---p 00000000 00:00 0 
7fbc8c1f5000-7fbc8c2f3000 rw-p 00000000 00:00 0 
7fbc8c2f3000-7fbc8c2f4000 ---p 00000000 00:00 0 
7fbc8c2f4000-7fbc8d000000 rw-p 00000000 00:00 0 
7fbc8d000000-7fbc8d270000 rwxp 00000000 00:00 0 
7fbc8d270000-7fbc9c000000 ---p 00000000 00:00 0 
7fbc9c000000-7fbc9c0ea000 rw-p 00000000 00:00 0 
7fbc9c0ea000-7fbc9c0fe000 rw-p 00000000 00:00 0 
7fbc9c0fe000-7fbca0000000 ---p 00000000 00:00 0 
7fbca008e000-7fbca0443000 rw-p 00000000 00:00 0 
7fbca0443000-7fbca061b000 r--s 03d2a000 08:01 3434038                    /usr/lib/jvm/java-8-oracle/jre/lib/rt.jar
7fbca061b000-7fbca0ad1000 rw-p 00000000 00:00 0 
7fbca0ad1000-7fbca0e91000 ---p 00000000 00:00 0 
7fbca0e91000-7fbca126c000 rw-p 00000000 00:00 0 
7fbca126c000-7fbca126d000 ---p 00000000 00:00 0 
7fbca126d000-7fbca136d000 rw-p 00000000 00:00 0 
7fbca136d000-7fbca136e000 ---p 00000000 00:00 0 
7fbca136e000-7fbca146e000 rw-p 00000000 00:00 0 
7fbca146e000-7fbca146f000 ---p 00000000 00:00 0 
7fbca146f000-7fbca156f000 rw-p 00000000 00:00 0 
7fbca156f000-7fbca1570000 ---p 00000000 00:00 0 
7fbca1570000-7fbca169a000 rw-p 00000000 00:00 0 
7fbca169a000-7fbca1902000 ---p 00000000 00:00 0 
7fbca1902000-7fbca192c000 rw-p 00000000 00:00 0 
7fbca192c000-7fbca1b94000 ---p 00000000 00:00 0 
7fbca1b94000-7fbca1ba9000 rw-p 00000000 00:00 0 
7fbca1ba9000-7fbca1cdd000 ---p 00000000 00:00 0 
7fbca1cdd000-7fbca1ce8000 rw-p 00000000 00:00 0 
7fbca1ce8000-7fbca209e000 ---p 00000000 00:00 0 
7fbca209e000-7fbca20b8000 r-xp 00000000 08:01 4999125                    /usr/lib/jvm/java-8-oracle/jre/lib/amd64/libzip.so
7fbca20b8000-7fbca22b8000 ---p 0001a000 08:01 4999125                    /usr/lib/jvm/java-8-oracle/jre/lib/amd64/libzip.so
7fbca22b8000-7fbca22b9000 rw-p 0001a000 08:01 4999125                    /usr/lib/jvm/java-8-oracle/jre/lib/amd64/libzip.so
7fbca22b9000-7fbca22c4000 r-xp 00000000 08:01 6300134                    /lib/x86_64-linux-gnu/libnss_files-2.27.so
7fbca22c4000-7fbca24c3000 ---p 0000b000 08:01 6300134                    /lib/x86_64-linux-gnu/libnss_files-2.27.so
7fbca24c3000-7fbca24c4000 r--p 0000a000 08:01 6300134                    /lib/x86_64-linux-gnu/libnss_files-2.27.so
7fbca24c4000-7fbca24c5000 rw-p 0000b000 08:01 6300134                    /lib/x86_64-linux-gnu/libnss_files-2.27.so
7fbca24c5000-7fbca24cb000 rw-p 00000000 00:00 0 
7fbca24cb000-7fbca24e2000 r-xp 00000000 08:01 6298480                    /lib/x86_64-linux-gnu/libnsl-2.27.so
7fbca24e2000-7fbca26e1000 ---p 00017000 08:01 6298480                    /lib/x86_64-linux-gnu/libnsl-2.27.so
7fbca26e1000-7fbca26e2000 r--p 00016000 08:01 6298480                    /lib/x86_64-linux-gnu/libnsl-2.27.so
7fbca26e2000-7fbca26e3000 rw-p 00017000 08:01 6298480                    /lib/x86_64-linux-gnu/libnsl-2.27.so
7fbca26e3000-7fbca26e5000 rw-p 00000000 00:00 0 
7fbca26e5000-7fbca26f0000 r-xp 00000000 08:01 6300310                    /lib/x86_64-linux-gnu/libnss_nis-2.27.so
7fbca26f0000-7fbca28ef000 ---p 0000b000 08:01 6300310                    /lib/x86_64-linux-gnu/libnss_nis-2.27.so
7fbca28ef000-7fbca28f0000 r--p 0000a000 08:01 6300310                    /lib/x86_64-linux-gnu/libnss_nis-2.27.so
7fbca28f0000-7fbca28f1000 rw-p 0000b000 08:01 6300310                    /lib/x86_64-linux-gnu/libnss_nis-2.27.so
7fbca28f1000-7fbca28f9000 r-xp 00000000 08:01 6298876                    /lib/x86_64-linux-gnu/libnss_compat-2.27.so
7fbca28f9000-7fbca2af9000 ---p 00008000 08:01 6298876                    /lib/x86_64-linux-gnu/libnss_compat-2.27.so
7fbca2af9000-7fbca2afa000 r--p 00008000 08:01 6298876                    /lib/x86_64-linux-gnu/libnss_compat-2.27.so
7fbca2afa000-7fbca2afb000 rw-p 00009000 08:01 6298876                    /lib/x86_64-linux-gnu/libnss_compat-2.27.so
7fbca2afb000-7fbca2b26000 r-xp 00000000 08:01 4999152                    /usr/lib/jvm/java-8-oracle/jre/lib/amd64/libjava.so
7fbca2b26000-7fbca2d25000 ---p 0002b000 08:01 4999152                    /usr/lib/jvm/java-8-oracle/jre/lib/amd64/libjava.so
7fbca2d25000-7fbca2d27000 rw-p 0002a000 08:01 4999152                    /usr/lib/jvm/java-8-oracle/jre/lib/amd64/libjava.so
7fbca2d27000-7fbca2d34000 r-xp 00000000 08:01 4999103                    /usr/lib/jvm/java-8-oracle/jre/lib/amd64/libverify.so
7fbca2d34000-7fbca2f33000 ---p 0000d000 08:01 4999103                    /usr/lib/jvm/java-8-oracle/jre/lib/amd64/libverify.so
7fbca2f33000-7fbca2f35000 rw-p 0000c000 08:01 4999103                    /usr/lib/jvm/java-8-oracle/jre/lib/amd64/libverify.so
7fbca2f35000-7fbca2f3c000 r-xp 00000000 08:01 6300390                    /lib/x86_64-linux-gnu/librt-2.27.so
7fbca2f3c000-7fbca313b000 ---p 00007000 08:01 6300390                    /lib/x86_64-linux-gnu/librt-2.27.so
7fbca313b000-7fbca313c000 r--p 00006000 08:01 6300390                    /lib/x86_64-linux-gnu/librt-2.27.so
7fbca313c000-7fbca313d000 rw-p 00007000 08:01 6300390                    /lib/x86_64-linux-gnu/librt-2.27.so
7fbca313d000-7fbca32da000 r-xp 00000000 08:01 6298384                    /lib/x86_64-linux-gnu/libm-2.27.so
7fbca32da000-7fbca34d9000 ---p 0019d000 08:01 6298384                    /lib/x86_64-linux-gnu/libm-2.27.so
7fbca34d9000-7fbca34da000 r--p 0019c000 08:01 6298384                    /lib/x86_64-linux-gnu/libm-2.27.so
7fbca34da000-7fbca34db000 rw-p 0019d000 08:01 6298384                    /lib/x86_64-linux-gnu/libm-2.27.so
7fbca34db000-7fbca41a8000 r-xp 00000000 08:01 5133005                    /usr/lib/jvm/java-8-oracle/jre/lib/amd64/server/libjvm.so
7fbca41a8000-7fbca43a7000 ---p 00ccd000 08:01 5133005                    /usr/lib/jvm/java-8-oracle/jre/lib/amd64/server/libjvm.so
7fbca43a7000-7fbca4480000 rw-p 00ccc000 08:01 5133005                    /usr/lib/jvm/java-8-oracle/jre/lib/amd64/server/libjvm.so
7fbca4480000-7fbca44cb000 rw-p 00000000 00:00 0 
7fbca44cb000-7fbca46b2000 r-xp 00000000 08:01 6298286                    /lib/x86_64-linux-gnu/libc-2.27.so
7fbca46b2000-7fbca48b2000 ---p 001e7000 08:01 6298286                    /lib/x86_64-linux-gnu/libc-2.27.so
7fbca48b2000-7fbca48b6000 r--p 001e7000 08:01 6298286                    /lib/x86_64-linux-gnu/libc-2.27.so
7fbca48b6000-7fbca48b8000 rw-p 001eb000 08:01 6298286                    /lib/x86_64-linux-gnu/libc-2.27.so
7fbca48b8000-7fbca48bc000 rw-p 00000000 00:00 0 
7fbca48bc000-7fbca48bf000 r-xp 00000000 08:01 6298376                    /lib/x86_64-linux-gnu/libdl-2.27.so
7fbca48bf000-7fbca4abe000 ---p 00003000 08:01 6298376                    /lib/x86_64-linux-gnu/libdl-2.27.so
7fbca4abe000-7fbca4abf000 r--p 00002000 08:01 6298376                    /lib/x86_64-linux-gnu/libdl-2.27.so
7fbca4abf000-7fbca4ac0000 rw-p 00003000 08:01 6298376                    /lib/x86_64-linux-gnu/libdl-2.27.so
7fbca4ac0000-7fbca4ad5000 r-xp 00000000 08:01 4999141                    /usr/lib/jvm/java-8-oracle/jre/lib/amd64/jli/libjli.so
7fbca4ad5000-7fbca4cd5000 ---p 00015000 08:01 4999141                    /usr/lib/jvm/java-8-oracle/jre/lib/amd64/jli/libjli.so
7fbca4cd5000-7fbca4cd6000 rw-p 00015000 08:01 4999141                    /usr/lib/jvm/java-8-oracle/jre/lib/amd64/jli/libjli.so
7fbca4cd6000-7fbca4cf0000 r-xp 00000000 08:01 6300350                    /lib/x86_64-linux-gnu/libpthread-2.27.so
7fbca4cf0000-7fbca4eef000 ---p 0001a000 08:01 6300350                    /lib/x86_64-linux-gnu/libpthread-2.27.so
7fbca4eef000-7fbca4ef0000 r--p 00019000 08:01 6300350                    /lib/x86_64-linux-gnu/libpthread-2.27.so
7fbca4ef0000-7fbca4ef1000 rw-p 0001a000 08:01 6300350                    /lib/x86_64-linux-gnu/libpthread-2.27.so
7fbca4ef1000-7fbca4ef5000 rw-p 00000000 00:00 0 
7fbca4ef5000-7fbca4f1c000 r-xp 00000000 08:01 6297984                    /lib/x86_64-linux-gnu/ld-2.27.so
7fbca4f1e000-7fbca4fe3000 rw-p 00000000 00:00 0 
7fbca4fe3000-7fbca4fe4000 ---p 00000000 00:00 0 
7fbca4fe4000-7fbca4fe7000 ---p 00000000 00:00 0 
7fbca4fe7000-7fbca50e6000 rw-p 00000000 00:00 0 
7fbca50e9000-7fbca5110000 rw-p 00000000 00:00 0 
7fbca5110000-7fbca5118000 rw-s 00000000 08:01 2633710                    /tmp/hsperfdata_philipp/28467
7fbca5118000-7fbca5119000 rw-p 00000000 00:00 0 
7fbca5119000-7fbca511a000 r--p 00000000 00:00 0 
7fbca511a000-7fbca511c000 rw-p 00000000 00:00 0 
7fbca511c000-7fbca511d000 r--p 00027000 08:01 6297984                    /lib/x86_64-linux-gnu/ld-2.27.so
7fbca511d000-7fbca511e000 rw-p 00028000 08:01 6297984                    /lib/x86_64-linux-gnu/ld-2.27.so
7fbca511e000-7fbca511f000 rw-p 00000000 00:00 0 
7ffce5d11000-7ffce5d32000 rw-p 00000000 00:00 0                          [stack]
7ffce5d71000-7ffce5d74000 r--p 00000000 00:00 0                          [vvar]
7ffce5d74000-7ffce5d76000 r-xp 00000000 00:00 0                          [vdso]
ffffffffff600000-ffffffffff601000 r-xp 00000000 00:00 0                  [vsyscall]

VM Arguments:
java_command: customShell
java_class_path (initial): .
Launcher Type: SUN_STANDARD

Environment Variables:
PATH=/usr/local/sbin:/usr/local/bin:/usr/sbin:/usr/bin:/sbin:/bin:/usr/games:/usr/local/games:/snap/bin
USERNAME=philipp
LD_LIBRARY_PATH=./cTools
SHELL=/usr/bin/zsh
DISPLAY=:0

Signal Handlers:
SIGSEGV: [libjvm.so+0xac64b0], sa_mask[0]=11111111011111111101111111111110, sa_flags=SA_RESTART|SA_SIGINFO
SIGBUS: [libjvm.so+0xac64b0], sa_mask[0]=11111111011111111101111111111110, sa_flags=SA_RESTART|SA_SIGINFO
SIGFPE: [libjvm.so+0x91f950], sa_mask[0]=11111111011111111101111111111110, sa_flags=SA_RESTART|SA_SIGINFO
SIGPIPE: [libjvm.so+0x91f950], sa_mask[0]=11111111011111111101111111111110, sa_flags=SA_RESTART|SA_SIGINFO
SIGXFSZ: [libjvm.so+0x91f950], sa_mask[0]=11111111011111111101111111111110, sa_flags=SA_RESTART|SA_SIGINFO
SIGILL: [libjvm.so+0x91f950], sa_mask[0]=11111111011111111101111111111110, sa_flags=SA_RESTART|SA_SIGINFO
SIGUSR1: SIG_DFL, sa_mask[0]=00000000000000000000000000000000, sa_flags=none
SIGUSR2: [libjvm.so+0x920f80], sa_mask[0]=00000000000000000000000000000000, sa_flags=SA_RESTART|SA_SIGINFO
SIGHUP: [libjvm.so+0x922380], sa_mask[0]=11111111011111111101111111111110, sa_flags=SA_RESTART|SA_SIGINFO
SIGINT: [libjvm.so+0x922380], sa_mask[0]=11111111011111111101111111111110, sa_flags=SA_RESTART|SA_SIGINFO
SIGTERM: [libjvm.so+0x922380], sa_mask[0]=11111111011111111101111111111110, sa_flags=SA_RESTART|SA_SIGINFO
SIGQUIT: [libjvm.so+0x922380], sa_mask[0]=11111111011111111101111111111110, sa_flags=SA_RESTART|SA_SIGINFO


---------------  S Y S T E M  ---------------

OS:DISTRIB_ID=Ubuntu
DISTRIB_RELEASE=18.04
DISTRIB_CODENAME=bionic
DISTRIB_DESCRIPTION="Ubuntu 18.04.1 LTS"

uname:Linux 4.15.0-43-generic #46-Ubuntu SMP Thu Dec 6 14:45:28 UTC 2018 x86_64
libc:glibc 2.27 NPTL 2.27 
rlimit: STACK 8192k, CORE 0k, NPROC 31305, NOFILE 4096, AS infinity
load average:1,76 2,26 2,22

/proc/meminfo:
MemTotal:        8078472 kB
MemFree:          647896 kB
MemAvailable:    3917820 kB
Buffers:          704072 kB
Cached:          3086492 kB
SwapCached:            0 kB
Active:          4582412 kB
Inactive:        2391596 kB
Active(anon):    3185632 kB
Inactive(anon):   411516 kB
Active(file):    1396780 kB
Inactive(file):  1980080 kB
Unevictable:         368 kB
Mlocked:             368 kB
SwapTotal:             0 kB
SwapFree:              0 kB
Dirty:             14848 kB
Writeback:             0 kB
AnonPages:       3183860 kB
Mapped:           723228 kB
Shmem:            413708 kB
Slab:             298824 kB
SReclaimable:     196800 kB
SUnreclaim:       102024 kB
KernelStack:       16992 kB
PageTables:        64544 kB
NFS_Unstable:          0 kB
Bounce:                0 kB
WritebackTmp:          0 kB
CommitLimit:     4039236 kB
Committed_AS:   10032420 kB
VmallocTotal:   34359738367 kB
VmallocUsed:           0 kB
VmallocChunk:          0 kB
HardwareCorrupted:     0 kB
AnonHugePages:         0 kB
ShmemHugePages:        0 kB
ShmemPmdMapped:        0 kB
CmaTotal:              0 kB
CmaFree:               0 kB
HugePages_Total:       0
HugePages_Free:        0
HugePages_Rsvd:        0
HugePages_Surp:        0
Hugepagesize:       2048 kB
DirectMap4k:      319544 kB
DirectMap2M:     7979008 kB
DirectMap1G:     1048576 kB


CPU:total 4 (2 cores per cpu, 2 threads per core) family 6 model 61 stepping 4, cmov, cx8, fxsr, mmx, sse, sse2, sse3, ssse3, sse4.1, sse4.2, popcnt, avx, avx2, aes, clmul, erms, 3dnowpref, lzcnt, ht, tsc, tscinvbit, bmi1, bmi2, adx

/proc/cpuinfo:
processor	: 0
vendor_id	: GenuineIntel
cpu family	: 6
model		: 61
model name	: Intel(R) Core(TM) i5-5200U CPU @ 2.20GHz
stepping	: 4
microcode	: 0x2b
cpu MHz		: 2408.745
cache size	: 3072 KB
physical id	: 0
siblings	: 4
core id		: 0
cpu cores	: 2
apicid		: 0
initial apicid	: 0
fpu		: yes
fpu_exception	: yes
cpuid level	: 20
wp		: yes
flags		: fpu vme de pse tsc msr pae mce cx8 apic sep mtrr pge mca cmov pat pse36 clflush dts acpi mmx fxsr sse sse2 ss ht tm pbe syscall nx pdpe1gb rdtscp lm constant_tsc arch_perfmon pebs bts rep_good nopl xtopology nonstop_tsc cpuid aperfmperf pni pclmulqdq dtes64 monitor ds_cpl vmx est tm2 ssse3 sdbg fma cx16 xtpr pdcm pcid sse4_1 sse4_2 x2apic movbe popcnt tsc_deadline_timer aes xsave avx f16c rdrand lahf_lm abm 3dnowprefetch cpuid_fault epb invpcid_single pti ssbd ibrs ibpb stibp tpr_shadow vnmi flexpriority ept vpid fsgsbase tsc_adjust bmi1 avx2 smep bmi2 erms invpcid rdseed adx smap intel_pt xsaveopt dtherm ida arat pln pts flush_l1d
bugs		: cpu_meltdown spectre_v1 spectre_v2 spec_store_bypass l1tf
bogomips	: 4389.74
clflush size	: 64
cache_alignment	: 64
address sizes	: 39 bits physical, 48 bits virtual
power management:

processor	: 1
vendor_id	: GenuineIntel
cpu family	: 6
model		: 61
model name	: Intel(R) Core(TM) i5-5200U CPU @ 2.20GHz
stepping	: 4
microcode	: 0x2b
cpu MHz		: 2295.055
cache size	: 3072 KB
physical id	: 0
siblings	: 4
core id		: 1
cpu cores	: 2
apicid		: 2
initial apicid	: 2
fpu		: yes
fpu_exception	: yes
cpuid level	: 20
wp		: yes
flags		: fpu vme de pse tsc msr pae mce cx8 apic sep mtrr pge mca cmov pat pse36 clflush dts acpi mmx fxsr sse sse2 ss ht tm pbe syscall nx pdpe1gb rdtscp lm constant_tsc arch_perfmon pebs bts rep_good nopl xtopology nonstop_tsc cpuid aperfmperf pni pclmulqdq dtes64 monitor ds_cpl vmx est tm2 ssse3 sdbg fma cx16 xtpr pdcm pcid sse4_1 sse4_2 x2apic movbe popcnt tsc_deadline_timer aes xsave avx f16c rdrand lahf_lm abm 3dnowprefetch cpuid_fault epb invpcid_single pti ssbd ibrs ibpb stibp tpr_shadow vnmi flexpriority ept vpid fsgsbase tsc_adjust bmi1 avx2 smep bmi2 erms invpcid rdseed adx smap intel_pt xsaveopt dtherm ida arat pln pts flush_l1d
bugs		: cpu_meltdown spectre_v1 spectre_v2 spec_store_bypass l1tf
bogomips	: 4389.74
clflush size	: 64
cache_alignment	: 64
address sizes	: 39 bits physical, 48 bits virtual
power management:

processor	: 2
vendor_id	: GenuineIntel
cpu family	: 6
model		: 61
model name	: Intel(R) Core(TM) i5-5200U CPU @ 2.20GHz
stepping	: 4
microcode	: 0x2b
cpu MHz		: 2384.350
cache size	: 3072 KB
physical id	: 0
siblings	: 4
core id		: 0
cpu cores	: 2
apicid		: 1
initial apicid	: 1
fpu		: yes
fpu_exception	: yes
cpuid level	: 20
wp		: yes
flags		: fpu vme de pse tsc msr pae mce cx8 apic sep mtrr pge mca cmov pat pse36 clflush dts acpi mmx fxsr sse sse2 ss ht tm pbe syscall nx pdpe1gb rdtscp lm constant_tsc arch_perfmon pebs bts rep_good nopl xtopology nonstop_tsc cpuid aperfmperf pni pclmulqdq dtes64 monitor ds_cpl vmx est tm2 ssse3 sdbg fma cx16 xtpr pdcm pcid sse4_1 sse4_2 x2apic movbe popcnt tsc_deadline_timer aes xsave avx f16c rdrand lahf_lm abm 3dnowprefetch cpuid_fault epb invpcid_single pti ssbd ibrs ibpb stibp tpr_shadow vnmi flexpriority ept vpid fsgsbase tsc_adjust bmi1 avx2 smep bmi2 erms invpcid rdseed adx smap intel_pt xsaveopt dtherm ida arat pln pts flush_l1d
bugs		: cpu_meltdown spectre_v1 spectre_v2 spec_store_bypass l1tf
bogomips	: 4389.74
clflush size	: 64
cache_alignment	: 64
address sizes	: 39 bits physical, 48 bits virtual
power management:

processor	: 3
vendor_id	: GenuineIntel
cpu family	: 6
model		: 61
model name	: Intel(R) Core(TM) i5-5200U CPU @ 2.20GHz
stepping	: 4
microcode	: 0x2b
cpu MHz		: 2287.567
cache size	: 3072 KB
physical id	: 0
siblings	: 4
core id		: 1
cpu cores	: 2
apicid		: 3
initial apicid	: 3
fpu		: yes
fpu_exception	: yes
cpuid level	: 20
wp		: yes
flags		: fpu vme de pse tsc msr pae mce cx8 apic sep mtrr pge mca cmov pat pse36 clflush dts acpi mmx fxsr sse sse2 ss ht tm pbe syscall nx pdpe1gb rdtscp lm constant_tsc arch_perfmon pebs bts rep_good nopl xtopology nonstop_tsc cpuid aperfmperf pni pclmulqdq dtes64 monitor ds_cpl vmx est tm2 ssse3 sdbg fma cx16 xtpr pdcm pcid sse4_1 sse4_2 x2apic movbe popcnt tsc_deadline_timer aes xsave avx f16c rdrand lahf_lm abm 3dnowprefetch cpuid_fault epb invpcid_single pti ssbd ibrs ibpb stibp tpr_shadow vnmi flexpriority ept vpid fsgsbase tsc_adjust bmi1 avx2 smep bmi2 erms invpcid rdseed adx smap intel_pt xsaveopt dtherm ida arat pln pts flush_l1d
bugs		: cpu_meltdown spectre_v1 spectre_v2 spec_store_bypass l1tf
bogomips	: 4389.74
clflush size	: 64
cache_alignment	: 64
address sizes	: 39 bits physical, 48 bits virtual
power management:



Memory: 4k page, physical 8078472k(647896k free), swap 0k(0k free)

vm_info: Java HotSpot(TM) 64-Bit Server VM (25.111-b14) for linux-amd64 JRE (1.8.0_111-b14), built on Sep 22 2016 16:14:03 by "java_re" with gcc 4.3.0 20080428 (Red Hat 4.3.0-8)

time: Tue Jan  8 15:21:51 2019
elapsed time: 3 seconds (0d 0h 0m 3s)

