#
# A fatal error has been detected by the Java Runtime Environment:
#
#  SIGSEGV (0xb) at pc=0x00007f7973501c50, pid=28387, tid=0x00007f797466e700
#
# JRE version: Java(TM) SE Runtime Environment (8.0_111-b14) (build 1.8.0_111-b14)
# Java VM: Java HotSpot(TM) 64-Bit Server VM (25.111-b14 mixed mode linux-amd64 compressed oops)
# Problematic frame:
# V  [libjvm.so+0xa9bc50]  UTF8::unicode_length(char const*)+0x0
#
# Failed to write core dump. Core dumps have been disabled. To enable core dumping, try "ulimit -c unlimited" before starting Java again
#
# If you would like to submit a bug report, please visit:
#   http://bugreport.java.com/bugreport/crash.jsp
#

---------------  T H R E A D  ---------------

Current thread (0x00007f796c00a000):  JavaThread "main" [_thread_in_vm, id=28388, stack(0x00007f797456f000,0x00007f797466f000)]

siginfo: si_signo: 11 (SIGSEGV), si_code: 1 (SEGV_MAPERR), si_addr: 0x000000006c0e1bf0

Registers:
RAX=0x0000000000000000, RBX=0x000000006c0e1bf0, RCX=0x000000006c0e1bf0, RDX=0x00007f7973a251f0
RSP=0x00007f797466d678, RBP=0x00007f797466d6a0, RSI=0x00007f796c00a000, RDI=0x000000006c0e1bf0
R8 =0x0000000000000000, R9 =0x0000000000000004, R10=0x0000000000000008, R11=0x0000000000000246
R12=0x00007f796c00a000, R13=0x0000000000000000, R14=0x00007f796c00a1f8, R15=0x00007f7973a29f80
RIP=0x00007f7973501c50, EFLAGS=0x0000000000010206, CSGSFS=0x002b000000000033, ERR=0x0000000000000004
  TRAPNO=0x000000000000000e

Top of Stack: (sp=0x00007f797466d678)
0x00007f797466d678:   00007f79730fd72b 00007f796c00a000
0x00007f797466d688:   00007f797466d6b0 0000000000000000
0x00007f797466d698:   00007f796c00a1f8 00007f797466d710
0x00007f797466d6a8:   00007f7973147803 00007f796c00a000
0x00007f797466d6b8:   0000000000000000 0000000006747c49
0x00007f797466d6c8:   000000005c34b1c1 00007f796c00a000
0x00007f797466d6d8:   000000005c34b1c1 0000000021a32448
0x00007f797466d6e8:   00007f795cc01ed0 0000000000000000
0x00007f797466d6f8:   00007f795cc01ed0 00007f797466d7a8
0x00007f797466d708:   00007f796c00a000 00007f797466d740
0x00007f797466d718:   00007f794ecba3ad 00007f797466d7a0
0x00007f797466d728:   00007f796c00a1f8 00007f797466d790
0x00007f797466d738:   000000006c0e1bf0 00007f797466d790
0x00007f797466d748:   00007f795d017a34 00007f797466d750
0x00007f797466d758:   00007f795cc01ed0 00007f797466d7a8
0x00007f797466d768:   00007f795cc02620 0000000000000000
0x00007f797466d778:   00007f795cc01ed0 0000000000000000
0x00007f797466d788:   00007f797466d7b0 00007f797466d7f0
0x00007f797466d798:   00007f795d008040 00000000d6e69cd8
0x00007f797466d7a8:   00007f795d01153b 00007f797466d7b0
0x00007f797466d7b8:   00007f795cc01058 00007f797466d808
0x00007f797466d7c8:   00007f795cc01258 0000000000000000
0x00007f797466d7d8:   00007f795cc01088 00007f797466d7b0
0x00007f797466d7e8:   00007f797466d808 00007f797466d850
0x00007f797466d7f8:   00007f795d007d00 0000000000000000
0x00007f797466d808:   00000000d6e6afe8 00007f797466d810
0x00007f797466d818:   00007f795cc00e73 00007f797466d898
0x00007f797466d828:   00007f795cc01258 0000000000000000
0x00007f797466d838:   00007f795cc00ea0 00007f797466d808
0x00007f797466d848:   00007f797466d898 00007f797466d8e0
0x00007f797466d858:   00007f795d0082bd 0000000000000000
0x00007f797466d868:   00000000d6e6afe8 00000000d6e0a5b8 

Instructions: (pc=0x00007f7973501c50)
0x00007f7973501c30:   0f be 04 0f 8d 56 ff 25 c0 00 00 00 83 c0 80 0f
0x00007f7973501c40:   44 f2 48 83 c1 01 41 39 c8 7f e5 89 f0 c9 c3 90
0x00007f7973501c50:   0f b6 07 55 31 d2 48 89 e5 84 c0 74 1e 0f 1f 00
0x00007f7973501c60:   25 c0 00 00 00 83 c0 80 0f 95 c0 48 83 c7 01 0f 

Register to memory mapping:

RAX=0x0000000000000000 is an unknown value
RBX=0x000000006c0e1bf0 is an unknown value
RCX=0x000000006c0e1bf0 is an unknown value
RDX=0x00007f7973a251f0: <offset 0xfbf1f0> in /usr/lib/jvm/java-8-oracle/jre/lib/amd64/server/libjvm.so at 0x00007f7972a66000
RSP=0x00007f797466d678 is pointing into the stack for thread: 0x00007f796c00a000
RBP=0x00007f797466d6a0 is pointing into the stack for thread: 0x00007f796c00a000
RSI=0x00007f796c00a000 is a thread
RDI=0x000000006c0e1bf0 is an unknown value
R8 =0x0000000000000000 is an unknown value
R9 =0x0000000000000004 is an unknown value
R10=0x0000000000000008 is an unknown value
R11=0x0000000000000246 is an unknown value
R12=0x00007f796c00a000 is a thread
R13=0x0000000000000000 is an unknown value
R14=0x00007f796c00a1f8 is an unknown value
R15=0x00007f7973a29f80: <offset 0xfc3f80> in /usr/lib/jvm/java-8-oracle/jre/lib/amd64/server/libjvm.so at 0x00007f7972a66000


Stack: [0x00007f797456f000,0x00007f797466f000],  sp=0x00007f797466d678,  free space=1017k
Native frames: (J=compiled Java code, j=interpreted, Vv=VM code, C=native code)
V  [libjvm.so+0xa9bc50]  UTF8::unicode_length(char const*)+0x0
V  [libjvm.so+0x6e1803]  jni_NewStringUTF+0xc3
C  [libKernelWrapper.so+0x13ad]  Java_cTools_KernelWrapper_get_1current_1dir_1name+0x3e
j  cTools.KernelWrapper.get_current_dir_name()Ljava/lang/String;+0
j  customShell.parseWildcardsAndRun([Ljava/lang/String;)I+0
j  customShell.processCommand(Ljava/lang/String;)V+131
j  customShell.main([Ljava/lang/String;)V+109
v  ~StubRoutines::call_stub
V  [libjvm.so+0x690206]  JavaCalls::call_helper(JavaValue*, methodHandle*, JavaCallArguments*, Thread*)+0x1056
V  [libjvm.so+0x6d1612]  jni_invoke_static(JNIEnv_*, JavaValue*, _jobject*, JNICallType, _jmethodID*, JNI_ArgumentPusher*, Thread*)+0x362
V  [libjvm.so+0x6ede7a]  jni_CallStaticVoidMethod+0x17a
C  [libjli.so+0x7bdf]  JavaMain+0x81f
C  [libpthread.so.0+0x76db]  start_thread+0xdb

Java frames: (J=compiled Java code, j=interpreted, Vv=VM code)
j  cTools.KernelWrapper.get_current_dir_name()Ljava/lang/String;+0
j  customShell.parseWildcardsAndRun([Ljava/lang/String;)I+0
j  customShell.processCommand(Ljava/lang/String;)V+131
j  customShell.main([Ljava/lang/String;)V+109
v  ~StubRoutines::call_stub

---------------  P R O C E S S  ---------------

Java Threads: ( => current thread )
  0x00007f796c0c8800 JavaThread "Service Thread" daemon [_thread_blocked, id=28400, stack(0x00007f794efbd000,0x00007f794f0be000)]
  0x00007f796c0bd800 JavaThread "C1 CompilerThread2" daemon [_thread_blocked, id=28399, stack(0x00007f794f0bf000,0x00007f794f1bf000)]
  0x00007f796c0bc000 JavaThread "C2 CompilerThread1" daemon [_thread_blocked, id=28398, stack(0x00007f794f1c0000,0x00007f794f2c0000)]
  0x00007f796c0b9000 JavaThread "C2 CompilerThread0" daemon [_thread_blocked, id=28397, stack(0x00007f794f2c1000,0x00007f794f3c1000)]
  0x00007f796c0b7800 JavaThread "Signal Dispatcher" daemon [_thread_blocked, id=28396, stack(0x00007f794f3c1000,0x00007f794f4c2000)]
  0x00007f796c084800 JavaThread "Finalizer" daemon [_thread_blocked, id=28395, stack(0x00007f794f7f8000,0x00007f794f8f9000)]
  0x00007f796c080000 JavaThread "Reference Handler" daemon [_thread_blocked, id=28394, stack(0x00007f794f8f9000,0x00007f794f9fa000)]
=>0x00007f796c00a000 JavaThread "main" [_thread_in_vm, id=28388, stack(0x00007f797456f000,0x00007f797466f000)]

Other Threads:
  0x00007f796c078000 VMThread [stack: 0x00007f794f9fb000,0x00007f794fafb000] [id=28393]
  0x00007f796c0cb800 WatcherThread [stack: 0x00007f794eebd000,0x00007f794efbd000] [id=28401]

VM state:not at safepoint (normal execution)

VM Mutex/Monitor currently owned by a thread: None

Heap:
 PSYoungGen      total 36864K, used 1269K [0x00000000d6e00000, 0x00000000d9700000, 0x0000000100000000)
  eden space 31744K, 4% used [0x00000000d6e00000,0x00000000d6f3d728,0x00000000d8d00000)
  from space 5120K, 0% used [0x00000000d9200000,0x00000000d9200000,0x00000000d9700000)
  to   space 5120K, 0% used [0x00000000d8d00000,0x00000000d8d00000,0x00000000d9200000)
 ParOldGen       total 84992K, used 0K [0x0000000084a00000, 0x0000000089d00000, 0x00000000d6e00000)
  object space 84992K, 0% used [0x0000000084a00000,0x0000000084a00000,0x0000000089d00000)
 Metaspace       used 2579K, capacity 4494K, committed 4864K, reserved 1056768K
  class space    used 275K, capacity 386K, committed 512K, reserved 1048576K

Card table byte_map: [0x00007f7970e8d000,0x00007f7971269000] byte_map_base: 0x00007f7970a68000

Marking Bits: (ParMarkBitMap*) 0x00007f7973a29220
 Begin Bits: [0x00007f7954250000, 0x00007f7956128000)
 End Bits:   [0x00007f7956128000, 0x00007f7958000000)

Polling page: 0x00007f79746a4000

CodeCache: size=245760Kb used=1080Kb max_used=1080Kb free=244679Kb
 bounds [0x00007f795d000000, 0x00007f795d270000, 0x00007f796c000000]
 total_blobs=242 nmethods=13 adapters=144
 compilation: enabled

Compilation events (10 events):
Event: 0,072 Thread 0x00007f796c0bd800    9       3       java.lang.Math::min (11 bytes)
Event: 0,072 Thread 0x00007f796c0bd800 nmethod 9 0x00007f795d10c810 code [0x00007f795d10c980, 0x00007f795d10cb10]
Event: 0,072 Thread 0x00007f796c0bd800   11       1       java.lang.ref.Reference::get (5 bytes)
Event: 0,072 Thread 0x00007f796c0bd800 nmethod 11 0x00007f795d10c550 code [0x00007f795d10c6a0, 0x00007f795d10c7b0]
Event: 0,072 Thread 0x00007f796c0bd800   10       3       java.util.Arrays::copyOfRange (63 bytes)
Event: 0,073 Thread 0x00007f796c0bd800 nmethod 10 0x00007f795d10b2d0 code [0x00007f795d10b4e0, 0x00007f795d10bff8]
Event: 0,073 Thread 0x00007f796c0bd800   12       1       java.lang.ThreadLocal::access$400 (5 bytes)
Event: 0,073 Thread 0x00007f796c0bd800 nmethod 12 0x00007f795d10b010 code [0x00007f795d10b160, 0x00007f795d10b250]
Event: 0,074 Thread 0x00007f796c0bd800   13       3       java.lang.String::getChars (62 bytes)
Event: 0,074 Thread 0x00007f796c0bd800 nmethod 13 0x00007f795d10d850 code [0x00007f795d10da00, 0x00007f795d10de38]

GC Heap History (0 events):
No events

Deoptimization events (0 events):
No events

Internal exceptions (2 events):
Event: 0,035 Thread 0x00007f796c00a000 Exception <a 'java/lang/NoSuchMethodError': Method sun.misc.Unsafe.defineClass(Ljava/lang/String;[BII)Ljava/lang/Class; name or signature does not match> (0x00000000d6e07c78) thrown at [/HUDSON3/workspace/8-2-build-linux-amd64/jdk8u111/7883/hotspot/src/sh
Event: 0,035 Thread 0x00007f796c00a000 Exception <a 'java/lang/NoSuchMethodError': Method sun.misc.Unsafe.prefetchRead(Ljava/lang/Object;J)V name or signature does not match> (0x00000000d6e07f60) thrown at [/HUDSON3/workspace/8-2-build-linux-amd64/jdk8u111/7883/hotspot/src/share/vm/prims/jni.c

Events (10 events):
Event: 1,395 loading class java/util/regex/Matcher
Event: 1,395 loading class java/util/regex/MatchResult
Event: 1,395 loading class java/util/regex/MatchResult done
Event: 1,395 loading class java/util/regex/Matcher done
Event: 1,396 loading class cTools/KernelWrapper
Event: 1,396 loading class cTools/KernelWrapper done
Event: 1,396 loading class java/lang/Package
Event: 1,397 loading class java/lang/Package done
Event: 1,397 loading class java/lang/ClassLoaderHelper
Event: 1,397 loading class java/lang/ClassLoaderHelper done


Dynamic libraries:
00400000-00401000 r-xp 00000000 08:01 3434083                            /usr/lib/jvm/java-8-oracle/jre/bin/java
00600000-00601000 rw-p 00000000 08:01 3434083                            /usr/lib/jvm/java-8-oracle/jre/bin/java
006d8000-006f9000 rw-p 00000000 00:00 0                                  [heap]
84a00000-89d00000 rw-p 00000000 00:00 0 
89d00000-d6e00000 ---p 00000000 00:00 0 
d6e00000-d9700000 rw-p 00000000 00:00 0 
d9700000-100000000 ---p 00000000 00:00 0 
100000000-100080000 rw-p 00000000 00:00 0 
100080000-140000000 ---p 00000000 00:00 0 
7f7920000000-7f7920021000 rw-p 00000000 00:00 0 
7f7920021000-7f7924000000 ---p 00000000 00:00 0 
7f7924000000-7f7924021000 rw-p 00000000 00:00 0 
7f7924021000-7f7928000000 ---p 00000000 00:00 0 
7f7928000000-7f7928021000 rw-p 00000000 00:00 0 
7f7928021000-7f792c000000 ---p 00000000 00:00 0 
7f792c000000-7f792c035000 rw-p 00000000 00:00 0 
7f792c035000-7f7930000000 ---p 00000000 00:00 0 
7f7930000000-7f7930021000 rw-p 00000000 00:00 0 
7f7930021000-7f7934000000 ---p 00000000 00:00 0 
7f7934000000-7f7934046000 rw-p 00000000 00:00 0 
7f7934046000-7f7938000000 ---p 00000000 00:00 0 
7f7938000000-7f7938021000 rw-p 00000000 00:00 0 
7f7938021000-7f793c000000 ---p 00000000 00:00 0 
7f793c000000-7f793c021000 rw-p 00000000 00:00 0 
7f793c021000-7f7940000000 ---p 00000000 00:00 0 
7f7940000000-7f7940021000 rw-p 00000000 00:00 0 
7f7940021000-7f7944000000 ---p 00000000 00:00 0 
7f7944000000-7f7944021000 rw-p 00000000 00:00 0 
7f7944021000-7f7948000000 ---p 00000000 00:00 0 
7f7948000000-7f7948021000 rw-p 00000000 00:00 0 
7f7948021000-7f794c000000 ---p 00000000 00:00 0 
7f794eb22000-7f794ecb9000 rw-p 00000000 00:00 0 
7f794ecb9000-7f794ecbb000 r-xp 00000000 08:01 3295543                    /home/philipp/Dropbox/Documents/05_Studium/99_GdBS_Labor/cTools/libKernelWrapper.so
7f794ecbb000-7f794eeba000 ---p 00002000 08:01 3295543                    /home/philipp/Dropbox/Documents/05_Studium/99_GdBS_Labor/cTools/libKernelWrapper.so
7f794eeba000-7f794eebb000 r--p 00001000 08:01 3295543                    /home/philipp/Dropbox/Documents/05_Studium/99_GdBS_Labor/cTools/libKernelWrapper.so
7f794eebb000-7f794eebc000 rw-p 00002000 08:01 3295543                    /home/philipp/Dropbox/Documents/05_Studium/99_GdBS_Labor/cTools/libKernelWrapper.so
7f794eebc000-7f794eebd000 ---p 00000000 00:00 0 
7f794eebd000-7f794efbd000 rw-p 00000000 00:00 0 
7f794efbd000-7f794efc0000 ---p 00000000 00:00 0 
7f794efc0000-7f794f0be000 rw-p 00000000 00:00 0 
7f794f0be000-7f794f0bf000 ---p 00000000 00:00 0 
7f794f0bf000-7f794f0c2000 ---p 00000000 00:00 0 
7f794f0c2000-7f794f1bf000 rw-p 00000000 00:00 0 
7f794f1bf000-7f794f1c0000 ---p 00000000 00:00 0 
7f794f1c0000-7f794f1c3000 ---p 00000000 00:00 0 
7f794f1c3000-7f794f2c0000 rw-p 00000000 00:00 0 
7f794f2c0000-7f794f2c1000 ---p 00000000 00:00 0 
7f794f2c1000-7f794f2c4000 ---p 00000000 00:00 0 
7f794f2c4000-7f794f3c1000 rw-p 00000000 00:00 0 
7f794f3c1000-7f794f3c4000 ---p 00000000 00:00 0 
7f794f3c4000-7f794f4c2000 rw-p 00000000 00:00 0 
7f794f4c2000-7f794f7f8000 r--p 00000000 08:01 3146423                    /usr/lib/locale/locale-archive
7f794f7f8000-7f794f7fb000 ---p 00000000 00:00 0 
7f794f7fb000-7f794f8f9000 rw-p 00000000 00:00 0 
7f794f8f9000-7f794f8fc000 ---p 00000000 00:00 0 
7f794f8fc000-7f794f9fa000 rw-p 00000000 00:00 0 
7f794f9fa000-7f794f9fb000 ---p 00000000 00:00 0 
7f794f9fb000-7f7950000000 rw-p 00000000 00:00 0 
7f7950000000-7f7950021000 rw-p 00000000 00:00 0 
7f7950021000-7f7954000000 ---p 00000000 00:00 0 
7f795404e000-7f7958000000 rw-p 00000000 00:00 0 
7f7958000000-7f7958021000 rw-p 00000000 00:00 0 
7f7958021000-7f795c000000 ---p 00000000 00:00 0 
7f795c009000-7f795c0f9000 rw-p 00000000 00:00 0 
7f795c0f9000-7f795cc40000 rw-p 00000000 00:00 0 
7f795cc40000-7f795d000000 ---p 00000000 00:00 0 
7f795d000000-7f795d270000 rwxp 00000000 00:00 0 
7f795d270000-7f796c000000 ---p 00000000 00:00 0 
7f796c000000-7f796c0f2000 rw-p 00000000 00:00 0 
7f796c0f2000-7f796c106000 rw-p 00000000 00:00 0 
7f796c106000-7f7970000000 ---p 00000000 00:00 0 
7f797001b000-7f79701ce000 rw-p 00000000 00:00 0 
7f79701ce000-7f79703a6000 r--s 03d2a000 08:01 3434038                    /usr/lib/jvm/java-8-oracle/jre/lib/rt.jar
7f79703a6000-7f79707f7000 rw-p 00000000 00:00 0 
7f79707f7000-7f79707f8000 ---p 00000000 00:00 0 
7f79707f8000-7f79708f8000 rw-p 00000000 00:00 0 
7f79708f8000-7f79708f9000 ---p 00000000 00:00 0 
7f79708f9000-7f79709f9000 rw-p 00000000 00:00 0 
7f79709f9000-7f79709fa000 ---p 00000000 00:00 0 
7f79709fa000-7f7970afa000 rw-p 00000000 00:00 0 
7f7970afa000-7f7970afb000 ---p 00000000 00:00 0 
7f7970afb000-7f7970c25000 rw-p 00000000 00:00 0 
7f7970c25000-7f7970e8d000 ---p 00000000 00:00 0 
7f7970e8d000-7f7970eb7000 rw-p 00000000 00:00 0 
7f7970eb7000-7f797111f000 ---p 00000000 00:00 0 
7f797111f000-7f7971134000 rw-p 00000000 00:00 0 
7f7971134000-7f7971268000 ---p 00000000 00:00 0 
7f7971268000-7f7971273000 rw-p 00000000 00:00 0 
7f7971273000-7f7971629000 ---p 00000000 00:00 0 
7f7971629000-7f7971643000 r-xp 00000000 08:01 4999125                    /usr/lib/jvm/java-8-oracle/jre/lib/amd64/libzip.so
7f7971643000-7f7971843000 ---p 0001a000 08:01 4999125                    /usr/lib/jvm/java-8-oracle/jre/lib/amd64/libzip.so
7f7971843000-7f7971844000 rw-p 0001a000 08:01 4999125                    /usr/lib/jvm/java-8-oracle/jre/lib/amd64/libzip.so
7f7971844000-7f797184f000 r-xp 00000000 08:01 6300134                    /lib/x86_64-linux-gnu/libnss_files-2.27.so
7f797184f000-7f7971a4e000 ---p 0000b000 08:01 6300134                    /lib/x86_64-linux-gnu/libnss_files-2.27.so
7f7971a4e000-7f7971a4f000 r--p 0000a000 08:01 6300134                    /lib/x86_64-linux-gnu/libnss_files-2.27.so
7f7971a4f000-7f7971a50000 rw-p 0000b000 08:01 6300134                    /lib/x86_64-linux-gnu/libnss_files-2.27.so
7f7971a50000-7f7971a56000 rw-p 00000000 00:00 0 
7f7971a56000-7f7971a6d000 r-xp 00000000 08:01 6298480                    /lib/x86_64-linux-gnu/libnsl-2.27.so
7f7971a6d000-7f7971c6c000 ---p 00017000 08:01 6298480                    /lib/x86_64-linux-gnu/libnsl-2.27.so
7f7971c6c000-7f7971c6d000 r--p 00016000 08:01 6298480                    /lib/x86_64-linux-gnu/libnsl-2.27.so
7f7971c6d000-7f7971c6e000 rw-p 00017000 08:01 6298480                    /lib/x86_64-linux-gnu/libnsl-2.27.so
7f7971c6e000-7f7971c70000 rw-p 00000000 00:00 0 
7f7971c70000-7f7971c7b000 r-xp 00000000 08:01 6300310                    /lib/x86_64-linux-gnu/libnss_nis-2.27.so
7f7971c7b000-7f7971e7a000 ---p 0000b000 08:01 6300310                    /lib/x86_64-linux-gnu/libnss_nis-2.27.so
7f7971e7a000-7f7971e7b000 r--p 0000a000 08:01 6300310                    /lib/x86_64-linux-gnu/libnss_nis-2.27.so
7f7971e7b000-7f7971e7c000 rw-p 0000b000 08:01 6300310                    /lib/x86_64-linux-gnu/libnss_nis-2.27.so
7f7971e7c000-7f7971e84000 r-xp 00000000 08:01 6298876                    /lib/x86_64-linux-gnu/libnss_compat-2.27.so
7f7971e84000-7f7972084000 ---p 00008000 08:01 6298876                    /lib/x86_64-linux-gnu/libnss_compat-2.27.so
7f7972084000-7f7972085000 r--p 00008000 08:01 6298876                    /lib/x86_64-linux-gnu/libnss_compat-2.27.so
7f7972085000-7f7972086000 rw-p 00009000 08:01 6298876                    /lib/x86_64-linux-gnu/libnss_compat-2.27.so
7f7972086000-7f79720b1000 r-xp 00000000 08:01 4999152                    /usr/lib/jvm/java-8-oracle/jre/lib/amd64/libjava.so
7f79720b1000-7f79722b0000 ---p 0002b000 08:01 4999152                    /usr/lib/jvm/java-8-oracle/jre/lib/amd64/libjava.so
7f79722b0000-7f79722b2000 rw-p 0002a000 08:01 4999152                    /usr/lib/jvm/java-8-oracle/jre/lib/amd64/libjava.so
7f79722b2000-7f79722bf000 r-xp 00000000 08:01 4999103                    /usr/lib/jvm/java-8-oracle/jre/lib/amd64/libverify.so
7f79722bf000-7f79724be000 ---p 0000d000 08:01 4999103                    /usr/lib/jvm/java-8-oracle/jre/lib/amd64/libverify.so
7f79724be000-7f79724c0000 rw-p 0000c000 08:01 4999103                    /usr/lib/jvm/java-8-oracle/jre/lib/amd64/libverify.so
7f79724c0000-7f79724c7000 r-xp 00000000 08:01 6300390                    /lib/x86_64-linux-gnu/librt-2.27.so
7f79724c7000-7f79726c6000 ---p 00007000 08:01 6300390                    /lib/x86_64-linux-gnu/librt-2.27.so
7f79726c6000-7f79726c7000 r--p 00006000 08:01 6300390                    /lib/x86_64-linux-gnu/librt-2.27.so
7f79726c7000-7f79726c8000 rw-p 00007000 08:01 6300390                    /lib/x86_64-linux-gnu/librt-2.27.so
7f79726c8000-7f7972865000 r-xp 00000000 08:01 6298384                    /lib/x86_64-linux-gnu/libm-2.27.so
7f7972865000-7f7972a64000 ---p 0019d000 08:01 6298384                    /lib/x86_64-linux-gnu/libm-2.27.so
7f7972a64000-7f7972a65000 r--p 0019c000 08:01 6298384                    /lib/x86_64-linux-gnu/libm-2.27.so
7f7972a65000-7f7972a66000 rw-p 0019d000 08:01 6298384                    /lib/x86_64-linux-gnu/libm-2.27.so
7f7972a66000-7f7973733000 r-xp 00000000 08:01 5133005                    /usr/lib/jvm/java-8-oracle/jre/lib/amd64/server/libjvm.so
7f7973733000-7f7973932000 ---p 00ccd000 08:01 5133005                    /usr/lib/jvm/java-8-oracle/jre/lib/amd64/server/libjvm.so
7f7973932000-7f7973a0b000 rw-p 00ccc000 08:01 5133005                    /usr/lib/jvm/java-8-oracle/jre/lib/amd64/server/libjvm.so
7f7973a0b000-7f7973a56000 rw-p 00000000 00:00 0 
7f7973a56000-7f7973c3d000 r-xp 00000000 08:01 6298286                    /lib/x86_64-linux-gnu/libc-2.27.so
7f7973c3d000-7f7973e3d000 ---p 001e7000 08:01 6298286                    /lib/x86_64-linux-gnu/libc-2.27.so
7f7973e3d000-7f7973e41000 r--p 001e7000 08:01 6298286                    /lib/x86_64-linux-gnu/libc-2.27.so
7f7973e41000-7f7973e43000 rw-p 001eb000 08:01 6298286                    /lib/x86_64-linux-gnu/libc-2.27.so
7f7973e43000-7f7973e47000 rw-p 00000000 00:00 0 
7f7973e47000-7f7973e4a000 r-xp 00000000 08:01 6298376                    /lib/x86_64-linux-gnu/libdl-2.27.so
7f7973e4a000-7f7974049000 ---p 00003000 08:01 6298376                    /lib/x86_64-linux-gnu/libdl-2.27.so
7f7974049000-7f797404a000 r--p 00002000 08:01 6298376                    /lib/x86_64-linux-gnu/libdl-2.27.so
7f797404a000-7f797404b000 rw-p 00003000 08:01 6298376                    /lib/x86_64-linux-gnu/libdl-2.27.so
7f797404b000-7f7974060000 r-xp 00000000 08:01 4999141                    /usr/lib/jvm/java-8-oracle/jre/lib/amd64/jli/libjli.so
7f7974060000-7f7974260000 ---p 00015000 08:01 4999141                    /usr/lib/jvm/java-8-oracle/jre/lib/amd64/jli/libjli.so
7f7974260000-7f7974261000 rw-p 00015000 08:01 4999141                    /usr/lib/jvm/java-8-oracle/jre/lib/amd64/jli/libjli.so
7f7974261000-7f797427b000 r-xp 00000000 08:01 6300350                    /lib/x86_64-linux-gnu/libpthread-2.27.so
7f797427b000-7f797447a000 ---p 0001a000 08:01 6300350                    /lib/x86_64-linux-gnu/libpthread-2.27.so
7f797447a000-7f797447b000 r--p 00019000 08:01 6300350                    /lib/x86_64-linux-gnu/libpthread-2.27.so
7f797447b000-7f797447c000 rw-p 0001a000 08:01 6300350                    /lib/x86_64-linux-gnu/libpthread-2.27.so
7f797447c000-7f7974480000 rw-p 00000000 00:00 0 
7f7974480000-7f79744a7000 r-xp 00000000 08:01 6297984                    /lib/x86_64-linux-gnu/ld-2.27.so
7f79744a9000-7f797456e000 rw-p 00000000 00:00 0 
7f797456e000-7f797456f000 ---p 00000000 00:00 0 
7f797456f000-7f7974572000 ---p 00000000 00:00 0 
7f7974572000-7f7974671000 rw-p 00000000 00:00 0 
7f7974674000-7f797469b000 rw-p 00000000 00:00 0 
7f797469b000-7f79746a3000 rw-s 00000000 08:01 2633710                    /tmp/hsperfdata_philipp/28387
7f79746a3000-7f79746a4000 rw-p 00000000 00:00 0 
7f79746a4000-7f79746a5000 r--p 00000000 00:00 0 
7f79746a5000-7f79746a7000 rw-p 00000000 00:00 0 
7f79746a7000-7f79746a8000 r--p 00027000 08:01 6297984                    /lib/x86_64-linux-gnu/ld-2.27.so
7f79746a8000-7f79746a9000 rw-p 00028000 08:01 6297984                    /lib/x86_64-linux-gnu/ld-2.27.so
7f79746a9000-7f79746aa000 rw-p 00000000 00:00 0 
7ffe22bdf000-7ffe22c00000 rw-p 00000000 00:00 0                          [stack]
7ffe22dc7000-7ffe22dca000 r--p 00000000 00:00 0                          [vvar]
7ffe22dca000-7ffe22dcc000 r-xp 00000000 00:00 0                          [vdso]
ffffffffff600000-ffffffffff601000 r-xp 00000000 00:00 0                  [vsyscall]

VM Arguments:
java_command: customShell
java_class_path (initial): .
Launcher Type: SUN_STANDARD

Environment Variables:
PATH=/usr/local/sbin:/usr/local/bin:/usr/sbin:/usr/bin:/sbin:/bin:/usr/games:/usr/local/games:/snap/bin
USERNAME=philipp
LD_LIBRARY_PATH=./cTools
SHELL=/usr/bin/zsh
DISPLAY=:0

Signal Handlers:
SIGSEGV: [libjvm.so+0xac64b0], sa_mask[0]=11111111011111111101111111111110, sa_flags=SA_RESTART|SA_SIGINFO
SIGBUS: [libjvm.so+0xac64b0], sa_mask[0]=11111111011111111101111111111110, sa_flags=SA_RESTART|SA_SIGINFO
SIGFPE: [libjvm.so+0x91f950], sa_mask[0]=11111111011111111101111111111110, sa_flags=SA_RESTART|SA_SIGINFO
SIGPIPE: [libjvm.so+0x91f950], sa_mask[0]=11111111011111111101111111111110, sa_flags=SA_RESTART|SA_SIGINFO
SIGXFSZ: [libjvm.so+0x91f950], sa_mask[0]=11111111011111111101111111111110, sa_flags=SA_RESTART|SA_SIGINFO
SIGILL: [libjvm.so+0x91f950], sa_mask[0]=11111111011111111101111111111110, sa_flags=SA_RESTART|SA_SIGINFO
SIGUSR1: SIG_DFL, sa_mask[0]=00000000000000000000000000000000, sa_flags=none
SIGUSR2: [libjvm.so+0x920f80], sa_mask[0]=00000000000000000000000000000000, sa_flags=SA_RESTART|SA_SIGINFO
SIGHUP: [libjvm.so+0x922380], sa_mask[0]=11111111011111111101111111111110, sa_flags=SA_RESTART|SA_SIGINFO
SIGINT: [libjvm.so+0x922380], sa_mask[0]=11111111011111111101111111111110, sa_flags=SA_RESTART|SA_SIGINFO
SIGTERM: [libjvm.so+0x922380], sa_mask[0]=11111111011111111101111111111110, sa_flags=SA_RESTART|SA_SIGINFO
SIGQUIT: [libjvm.so+0x922380], sa_mask[0]=11111111011111111101111111111110, sa_flags=SA_RESTART|SA_SIGINFO


---------------  S Y S T E M  ---------------

OS:DISTRIB_ID=Ubuntu
DISTRIB_RELEASE=18.04
DISTRIB_CODENAME=bionic
DISTRIB_DESCRIPTION="Ubuntu 18.04.1 LTS"

uname:Linux 4.15.0-43-generic #46-Ubuntu SMP Thu Dec 6 14:45:28 UTC 2018 x86_64
libc:glibc 2.27 NPTL 2.27 
rlimit: STACK 8192k, CORE 0k, NPROC 31305, NOFILE 4096, AS infinity
load average:1,61 2,37 2,25

/proc/meminfo:
MemTotal:        8078472 kB
MemFree:          653164 kB
MemAvailable:    3921772 kB
Buffers:          703480 kB
Cached:          3088720 kB
SwapCached:            0 kB
Active:          4558936 kB
Inactive:        2409848 kB
Active(anon):    3178772 kB
Inactive(anon):   414488 kB
Active(file):    1380164 kB
Inactive(file):  1995360 kB
Unevictable:         368 kB
Mlocked:             368 kB
SwapTotal:             0 kB
SwapFree:              0 kB
Dirty:              6176 kB
Writeback:             0 kB
AnonPages:       3176848 kB
Mapped:           723100 kB
Shmem:            416680 kB
Slab:             298952 kB
SReclaimable:     196820 kB
SUnreclaim:       102132 kB
KernelStack:       17008 kB
PageTables:        64532 kB
NFS_Unstable:          0 kB
Bounce:                0 kB
WritebackTmp:          0 kB
CommitLimit:     4039236 kB
Committed_AS:   10038608 kB
VmallocTotal:   34359738367 kB
VmallocUsed:           0 kB
VmallocChunk:          0 kB
HardwareCorrupted:     0 kB
AnonHugePages:         0 kB
ShmemHugePages:        0 kB
ShmemPmdMapped:        0 kB
CmaTotal:              0 kB
CmaFree:               0 kB
HugePages_Total:       0
HugePages_Free:        0
HugePages_Rsvd:        0
HugePages_Surp:        0
Hugepagesize:       2048 kB
DirectMap4k:      319544 kB
DirectMap2M:     7979008 kB
DirectMap1G:     1048576 kB


CPU:total 4 (2 cores per cpu, 2 threads per core) family 6 model 61 stepping 4, cmov, cx8, fxsr, mmx, sse, sse2, sse3, ssse3, sse4.1, sse4.2, popcnt, avx, avx2, aes, clmul, erms, 3dnowpref, lzcnt, ht, tsc, tscinvbit, bmi1, bmi2, adx

/proc/cpuinfo:
processor	: 0
vendor_id	: GenuineIntel
cpu family	: 6
model		: 61
model name	: Intel(R) Core(TM) i5-5200U CPU @ 2.20GHz
stepping	: 4
microcode	: 0x2b
cpu MHz		: 2360.047
cache size	: 3072 KB
physical id	: 0
siblings	: 4
core id		: 0
cpu cores	: 2
apicid		: 0
initial apicid	: 0
fpu		: yes
fpu_exception	: yes
cpuid level	: 20
wp		: yes
flags		: fpu vme de pse tsc msr pae mce cx8 apic sep mtrr pge mca cmov pat pse36 clflush dts acpi mmx fxsr sse sse2 ss ht tm pbe syscall nx pdpe1gb rdtscp lm constant_tsc arch_perfmon pebs bts rep_good nopl xtopology nonstop_tsc cpuid aperfmperf pni pclmulqdq dtes64 monitor ds_cpl vmx est tm2 ssse3 sdbg fma cx16 xtpr pdcm pcid sse4_1 sse4_2 x2apic movbe popcnt tsc_deadline_timer aes xsave avx f16c rdrand lahf_lm abm 3dnowprefetch cpuid_fault epb invpcid_single pti ssbd ibrs ibpb stibp tpr_shadow vnmi flexpriority ept vpid fsgsbase tsc_adjust bmi1 avx2 smep bmi2 erms invpcid rdseed adx smap intel_pt xsaveopt dtherm ida arat pln pts flush_l1d
bugs		: cpu_meltdown spectre_v1 spectre_v2 spec_store_bypass l1tf
bogomips	: 4389.74
clflush size	: 64
cache_alignment	: 64
address sizes	: 39 bits physical, 48 bits virtual
power management:

processor	: 1
vendor_id	: GenuineIntel
cpu family	: 6
model		: 61
model name	: Intel(R) Core(TM) i5-5200U CPU @ 2.20GHz
stepping	: 4
microcode	: 0x2b
cpu MHz		: 2389.924
cache size	: 3072 KB
physical id	: 0
siblings	: 4
core id		: 1
cpu cores	: 2
apicid		: 2
initial apicid	: 2
fpu		: yes
fpu_exception	: yes
cpuid level	: 20
wp		: yes
flags		: fpu vme de pse tsc msr pae mce cx8 apic sep mtrr pge mca cmov pat pse36 clflush dts acpi mmx fxsr sse sse2 ss ht tm pbe syscall nx pdpe1gb rdtscp lm constant_tsc arch_perfmon pebs bts rep_good nopl xtopology nonstop_tsc cpuid aperfmperf pni pclmulqdq dtes64 monitor ds_cpl vmx est tm2 ssse3 sdbg fma cx16 xtpr pdcm pcid sse4_1 sse4_2 x2apic movbe popcnt tsc_deadline_timer aes xsave avx f16c rdrand lahf_lm abm 3dnowprefetch cpuid_fault epb invpcid_single pti ssbd ibrs ibpb stibp tpr_shadow vnmi flexpriority ept vpid fsgsbase tsc_adjust bmi1 avx2 smep bmi2 erms invpcid rdseed adx smap intel_pt xsaveopt dtherm ida arat pln pts flush_l1d
bugs		: cpu_meltdown spectre_v1 spectre_v2 spec_store_bypass l1tf
bogomips	: 4389.74
clflush size	: 64
cache_alignment	: 64
address sizes	: 39 bits physical, 48 bits virtual
power management:

processor	: 2
vendor_id	: GenuineIntel
cpu family	: 6
model		: 61
model name	: Intel(R) Core(TM) i5-5200U CPU @ 2.20GHz
stepping	: 4
microcode	: 0x2b
cpu MHz		: 2370.086
cache size	: 3072 KB
physical id	: 0
siblings	: 4
core id		: 0
cpu cores	: 2
apicid		: 1
initial apicid	: 1
fpu		: yes
fpu_exception	: yes
cpuid level	: 20
wp		: yes
flags		: fpu vme de pse tsc msr pae mce cx8 apic sep mtrr pge mca cmov pat pse36 clflush dts acpi mmx fxsr sse sse2 ss ht tm pbe syscall nx pdpe1gb rdtscp lm constant_tsc arch_perfmon pebs bts rep_good nopl xtopology nonstop_tsc cpuid aperfmperf pni pclmulqdq dtes64 monitor ds_cpl vmx est tm2 ssse3 sdbg fma cx16 xtpr pdcm pcid sse4_1 sse4_2 x2apic movbe popcnt tsc_deadline_timer aes xsave avx f16c rdrand lahf_lm abm 3dnowprefetch cpuid_fault epb invpcid_single pti ssbd ibrs ibpb stibp tpr_shadow vnmi flexpriority ept vpid fsgsbase tsc_adjust bmi1 avx2 smep bmi2 erms invpcid rdseed adx smap intel_pt xsaveopt dtherm ida arat pln pts flush_l1d
bugs		: cpu_meltdown spectre_v1 spectre_v2 spec_store_bypass l1tf
bogomips	: 4389.74
clflush size	: 64
cache_alignment	: 64
address sizes	: 39 bits physical, 48 bits virtual
power management:

processor	: 3
vendor_id	: GenuineIntel
cpu family	: 6
model		: 61
model name	: Intel(R) Core(TM) i5-5200U CPU @ 2.20GHz
stepping	: 4
microcode	: 0x2b
cpu MHz		: 2402.698
cache size	: 3072 KB
physical id	: 0
siblings	: 4
core id		: 1
cpu cores	: 2
apicid		: 3
initial apicid	: 3
fpu		: yes
fpu_exception	: yes
cpuid level	: 20
wp		: yes
flags		: fpu vme de pse tsc msr pae mce cx8 apic sep mtrr pge mca cmov pat pse36 clflush dts acpi mmx fxsr sse sse2 ss ht tm pbe syscall nx pdpe1gb rdtscp lm constant_tsc arch_perfmon pebs bts rep_good nopl xtopology nonstop_tsc cpuid aperfmperf pni pclmulqdq dtes64 monitor ds_cpl vmx est tm2 ssse3 sdbg fma cx16 xtpr pdcm pcid sse4_1 sse4_2 x2apic movbe popcnt tsc_deadline_timer aes xsave avx f16c rdrand lahf_lm abm 3dnowprefetch cpuid_fault epb invpcid_single pti ssbd ibrs ibpb stibp tpr_shadow vnmi flexpriority ept vpid fsgsbase tsc_adjust bmi1 avx2 smep bmi2 erms invpcid rdseed adx smap intel_pt xsaveopt dtherm ida arat pln pts flush_l1d
bugs		: cpu_meltdown spectre_v1 spectre_v2 spec_store_bypass l1tf
bogomips	: 4389.74
clflush size	: 64
cache_alignment	: 64
address sizes	: 39 bits physical, 48 bits virtual
power management:



Memory: 4k page, physical 8078472k(653164k free), swap 0k(0k free)

vm_info: Java HotSpot(TM) 64-Bit Server VM (25.111-b14) for linux-amd64 JRE (1.8.0_111-b14), built on Sep 22 2016 16:14:03 by "java_re" with gcc 4.3.0 20080428 (Red Hat 4.3.0-8)

time: Tue Jan  8 15:20:58 2019
elapsed time: 1 seconds (0d 0h 0m 1s)

