#
# A fatal error has been detected by the Java Runtime Environment:
#
#  SIGSEGV (0xb) at pc=0x00007f09ec4b8c50, pid=28650, tid=0x00007f09ed625700
#
# JRE version: Java(TM) SE Runtime Environment (8.0_111-b14) (build 1.8.0_111-b14)
# Java VM: Java HotSpot(TM) 64-Bit Server VM (25.111-b14 mixed mode linux-amd64 compressed oops)
# Problematic frame:
# V  [libjvm.so+0xa9bc50]  UTF8::unicode_length(char const*)+0x0
#
# Failed to write core dump. Core dumps have been disabled. To enable core dumping, try "ulimit -c unlimited" before starting Java again
#
# If you would like to submit a bug report, please visit:
#   http://bugreport.java.com/bugreport/crash.jsp
#

---------------  T H R E A D  ---------------

Current thread (0x00007f09e400a000):  JavaThread "main" [_thread_in_vm, id=28651, stack(0x00007f09ed526000,0x00007f09ed626000)]

siginfo: si_signo: 11 (SIGSEGV), si_code: 1 (SEGV_MAPERR), si_addr: 0xffffffffe40f68d0

Registers:
RAX=0x0000000000000000, RBX=0xffffffffe40f68d0, RCX=0xffffffffe40f68d0, RDX=0x00007f09ec9dc1f0
RSP=0x00007f09ed624668, RBP=0x00007f09ed624690, RSI=0x00007f09e400a000, RDI=0xffffffffe40f68d0
R8 =0x0000000000000000, R9 =0x0000000000000004, R10=0x0000000000000008, R11=0x0000000000000246
R12=0x00007f09e400a000, R13=0x0000000000000000, R14=0x00007f09e400a1f8, R15=0x00007f09ec9e0f80
RIP=0x00007f09ec4b8c50, EFLAGS=0x0000000000010282, CSGSFS=0x002b000000000033, ERR=0x0000000000000005
  TRAPNO=0x000000000000000e

Top of Stack: (sp=0x00007f09ed624668)
0x00007f09ed624668:   00007f09ec0b472b 00007f09e400a000
0x00007f09ed624678:   00007f09ed6246a0 0000000000000000
0x00007f09ed624688:   00007f09e400a1f8 00007f09ed624700
0x00007f09ed624698:   00007f09ec0fe803 00007f09e400a000
0x00007f09ed6246a8:   0000000000000000 000000002708cb7e
0x00007f09ed6246b8:   000000005c34b279 00007f09e400a000
0x00007f09ed6246c8:   000000005c34b279 000000000c8cf4c0
0x00007f09ed6246d8:   00007f09e8fd4f40 0000000000000000
0x00007f09ed6246e8:   00007f09e8fd4f40 00007f09ed6247a0
0x00007f09ed6246f8:   00007f09e400a000 00007f09ed624730
0x00007f09ed624708:   00007f09c7cfd3ad 00007f09ed624798
0x00007f09ed624718:   00007f09e400a1f8 00007f09ed624788
0x00007f09ed624728:   ffffffffe40f68d0 00007f09ed624788
0x00007f09ed624738:   00007f09d5017a34 00007f09d5017782
0x00007f09ed624748:   00007f09ed624748 00007f09e8fd4f40
0x00007f09ed624758:   00007f09ed6247a0 00007f09e8fd56b8
0x00007f09ed624768:   0000000000000000 00007f09e8fd4f40
0x00007f09ed624778:   0000000000000000 00007f09ed6247a8
0x00007f09ed624788:   00007f09ed6247e8 00007f09d5008040
0x00007f09ed624798:   00000000d6e69d50 00007f09d501153b
0x00007f09ed6247a8:   00007f09ed6247a8 00007f09e8fd40c8
0x00007f09ed6247b8:   00007f09ed624808 00007f09e8fd42c8
0x00007f09ed6247c8:   0000000000000000 00007f09e8fd40f8
0x00007f09ed6247d8:   00007f09ed6247a8 00007f09ed624808
0x00007f09ed6247e8:   00007f09ed624850 00007f09d5007d00
0x00007f09ed6247f8:   0000000000000000 0000000000000000
0x00007f09ed624808:   00000000d6e6b3c0 00007f09ed624810
0x00007f09ed624818:   00007f09e8fd3ed6 00007f09ed624898
0x00007f09ed624828:   00007f09e8fd42c8 0000000000000000
0x00007f09ed624838:   00007f09e8fd3f00 00007f09ed624808
0x00007f09ed624848:   00007f09ed624898 00007f09ed6248e0
0x00007f09ed624858:   00007f09d50082bd 00000000ffffffff 

Instructions: (pc=0x00007f09ec4b8c50)
0x00007f09ec4b8c30:   0f be 04 0f 8d 56 ff 25 c0 00 00 00 83 c0 80 0f
0x00007f09ec4b8c40:   44 f2 48 83 c1 01 41 39 c8 7f e5 89 f0 c9 c3 90
0x00007f09ec4b8c50:   0f b6 07 55 31 d2 48 89 e5 84 c0 74 1e 0f 1f 00
0x00007f09ec4b8c60:   25 c0 00 00 00 83 c0 80 0f 95 c0 48 83 c7 01 0f 

Register to memory mapping:

RAX=0x0000000000000000 is an unknown value
RBX=0xffffffffe40f68d0 is an unknown value
RCX=0xffffffffe40f68d0 is an unknown value
RDX=0x00007f09ec9dc1f0: <offset 0xfbf1f0> in /usr/lib/jvm/java-8-oracle/jre/lib/amd64/server/libjvm.so at 0x00007f09eba1d000
RSP=0x00007f09ed624668 is pointing into the stack for thread: 0x00007f09e400a000
RBP=0x00007f09ed624690 is pointing into the stack for thread: 0x00007f09e400a000
RSI=0x00007f09e400a000 is a thread
RDI=0xffffffffe40f68d0 is an unknown value
R8 =0x0000000000000000 is an unknown value
R9 =0x0000000000000004 is an unknown value
R10=0x0000000000000008 is an unknown value
R11=0x0000000000000246 is an unknown value
R12=0x00007f09e400a000 is a thread
R13=0x0000000000000000 is an unknown value
R14=0x00007f09e400a1f8 is an unknown value
R15=0x00007f09ec9e0f80: <offset 0xfc3f80> in /usr/lib/jvm/java-8-oracle/jre/lib/amd64/server/libjvm.so at 0x00007f09eba1d000


Stack: [0x00007f09ed526000,0x00007f09ed626000],  sp=0x00007f09ed624668,  free space=1017k
Native frames: (J=compiled Java code, j=interpreted, Vv=VM code, C=native code)
V  [libjvm.so+0xa9bc50]  UTF8::unicode_length(char const*)+0x0
V  [libjvm.so+0x6e1803]  jni_NewStringUTF+0xc3
C  [libKernelWrapper.so+0x13ad]  Java_cTools_KernelWrapper_get_1current_1dir_1name+0x3e
j  cTools.KernelWrapper.get_current_dir_name()Ljava/lang/String;+0
j  customShell.parseWildcardsAndRun([Ljava/lang/String;)I+0
j  customShell.processCommand(Ljava/lang/String;)V+182
j  customShell.main([Ljava/lang/String;)V+109
v  ~StubRoutines::call_stub
V  [libjvm.so+0x690206]  JavaCalls::call_helper(JavaValue*, methodHandle*, JavaCallArguments*, Thread*)+0x1056
V  [libjvm.so+0x6d1612]  jni_invoke_static(JNIEnv_*, JavaValue*, _jobject*, JNICallType, _jmethodID*, JNI_ArgumentPusher*, Thread*)+0x362
V  [libjvm.so+0x6ede7a]  jni_CallStaticVoidMethod+0x17a
C  [libjli.so+0x7bdf]  JavaMain+0x81f
C  [libpthread.so.0+0x76db]  start_thread+0xdb

Java frames: (J=compiled Java code, j=interpreted, Vv=VM code)
j  cTools.KernelWrapper.get_current_dir_name()Ljava/lang/String;+0
j  customShell.parseWildcardsAndRun([Ljava/lang/String;)I+0
j  customShell.processCommand(Ljava/lang/String;)V+182
j  customShell.main([Ljava/lang/String;)V+109
v  ~StubRoutines::call_stub

---------------  P R O C E S S  ---------------

Java Threads: ( => current thread )
  0x00007f09e40c8800 JavaThread "Service Thread" daemon [_thread_blocked, id=28663, stack(0x00007f09cc04e000,0x00007f09cc14f000)]
  0x00007f09e40bd800 JavaThread "C1 CompilerThread2" daemon [_thread_blocked, id=28662, stack(0x00007f09cc150000,0x00007f09cc250000)]
  0x00007f09e40bc000 JavaThread "C2 CompilerThread1" daemon [_thread_blocked, id=28661, stack(0x00007f09d407d000,0x00007f09d417d000)]
  0x00007f09e40b9000 JavaThread "C2 CompilerThread0" daemon [_thread_blocked, id=28660, stack(0x00007f09d417e000,0x00007f09d427e000)]
  0x00007f09e40b7800 JavaThread "Signal Dispatcher" daemon [_thread_blocked, id=28659, stack(0x00007f09d427e000,0x00007f09d437f000)]
  0x00007f09e4084800 JavaThread "Finalizer" daemon [_thread_blocked, id=28658, stack(0x00007f09d46b5000,0x00007f09d47b6000)]
  0x00007f09e4080000 JavaThread "Reference Handler" daemon [_thread_blocked, id=28657, stack(0x00007f09d47b6000,0x00007f09d48b7000)]
=>0x00007f09e400a000 JavaThread "main" [_thread_in_vm, id=28651, stack(0x00007f09ed526000,0x00007f09ed626000)]

Other Threads:
  0x00007f09e4078000 VMThread [stack: 0x00007f09d48b8000,0x00007f09d49b8000] [id=28656]
  0x00007f09e40cb800 WatcherThread [stack: 0x00007f09c7f00000,0x00007f09c8000000] [id=28664]

VM state:not at safepoint (normal execution)

VM Mutex/Monitor currently owned by a thread: None

Heap:
 PSYoungGen      total 36864K, used 1269K [0x00000000d6e00000, 0x00000000d9700000, 0x0000000100000000)
  eden space 31744K, 4% used [0x00000000d6e00000,0x00000000d6f3d728,0x00000000d8d00000)
  from space 5120K, 0% used [0x00000000d9200000,0x00000000d9200000,0x00000000d9700000)
  to   space 5120K, 0% used [0x00000000d8d00000,0x00000000d8d00000,0x00000000d9200000)
 ParOldGen       total 84992K, used 0K [0x0000000084a00000, 0x0000000089d00000, 0x00000000d6e00000)
  object space 84992K, 0% used [0x0000000084a00000,0x0000000084a00000,0x0000000089d00000)
 Metaspace       used 2582K, capacity 4494K, committed 4864K, reserved 1056768K
  class space    used 276K, capacity 386K, committed 512K, reserved 1048576K

Card table byte_map: [0x00007f09e9e44000,0x00007f09ea220000] byte_map_base: 0x00007f09e9a1f000

Marking Bits: (ParMarkBitMap*) 0x00007f09ec9e0220
 Begin Bits: [0x00007f09cc250000, 0x00007f09ce128000)
 End Bits:   [0x00007f09ce128000, 0x00007f09d0000000)

Polling page: 0x00007f09ed65b000

CodeCache: size=245760Kb used=1080Kb max_used=1080Kb free=244680Kb
 bounds [0x00007f09d5000000, 0x00007f09d5270000, 0x00007f09e4000000]
 total_blobs=242 nmethods=13 adapters=144
 compilation: enabled

Compilation events (10 events):
Event: 0,065 Thread 0x00007f09e40bd800    9       3       java.lang.Math::min (11 bytes)
Event: 0,065 Thread 0x00007f09e40bd800 nmethod 9 0x00007f09d510b110 code [0x00007f09d510b280, 0x00007f09d510b410]
Event: 0,065 Thread 0x00007f09e40bd800   10       3       java.util.Arrays::copyOfRange (63 bytes)
Event: 0,066 Thread 0x00007f09e40bd800 nmethod 10 0x00007f09d510bfd0 code [0x00007f09d510c1e0, 0x00007f09d510ccf8]
Event: 0,066 Thread 0x00007f09e40bd800   11       1       java.lang.ref.Reference::get (5 bytes)
Event: 0,066 Thread 0x00007f09e40bd800 nmethod 11 0x00007f09d510ae50 code [0x00007f09d510afa0, 0x00007f09d510b0b0]
Event: 0,066 Thread 0x00007f09e40bd800   12       1       java.lang.ThreadLocal::access$400 (5 bytes)
Event: 0,066 Thread 0x00007f09e40bd800 nmethod 12 0x00007f09d510ab90 code [0x00007f09d510ace0, 0x00007f09d510add0]
Event: 0,067 Thread 0x00007f09e40bd800   13       3       java.lang.String::getChars (62 bytes)
Event: 0,068 Thread 0x00007f09e40bd800 nmethod 13 0x00007f09d510d850 code [0x00007f09d510da00, 0x00007f09d510de38]

GC Heap History (0 events):
No events

Deoptimization events (0 events):
No events

Internal exceptions (2 events):
Event: 0,026 Thread 0x00007f09e400a000 Exception <a 'java/lang/NoSuchMethodError': Method sun.misc.Unsafe.defineClass(Ljava/lang/String;[BII)Ljava/lang/Class; name or signature does not match> (0x00000000d6e07c78) thrown at [/HUDSON3/workspace/8-2-build-linux-amd64/jdk8u111/7883/hotspot/src/sh
Event: 0,026 Thread 0x00007f09e400a000 Exception <a 'java/lang/NoSuchMethodError': Method sun.misc.Unsafe.prefetchRead(Ljava/lang/Object;J)V name or signature does not match> (0x00000000d6e07f60) thrown at [/HUDSON3/workspace/8-2-build-linux-amd64/jdk8u111/7883/hotspot/src/share/vm/prims/jni.c

Events (10 events):
Event: 1,876 loading class cTools/KernelWrapper
Event: 1,876 loading class cTools/KernelWrapper done
Event: 1,876 loading class java/lang/Package
Event: 1,876 loading class java/lang/Package done
Event: 1,877 loading class java/lang/ClassLoaderHelper
Event: 1,877 loading class java/lang/ClassLoaderHelper done
Event: 4,075 Executing VM operation: EnableBiasedLocking
Event: 4,076 Executing VM operation: EnableBiasedLocking done
Event: 7,061 loading class java/util/concurrent/ConcurrentHashMap$ForwardingNode
Event: 7,061 loading class java/util/concurrent/ConcurrentHashMap$ForwardingNode done


Dynamic libraries:
00400000-00401000 r-xp 00000000 08:01 3434083                            /usr/lib/jvm/java-8-oracle/jre/bin/java
00600000-00601000 rw-p 00000000 08:01 3434083                            /usr/lib/jvm/java-8-oracle/jre/bin/java
00e87000-00ea8000 rw-p 00000000 00:00 0                                  [heap]
84a00000-89d00000 rw-p 00000000 00:00 0 
89d00000-d6e00000 ---p 00000000 00:00 0 
d6e00000-d9700000 rw-p 00000000 00:00 0 
d9700000-100000000 ---p 00000000 00:00 0 
100000000-100080000 rw-p 00000000 00:00 0 
100080000-140000000 ---p 00000000 00:00 0 
7f0998000000-7f0998021000 rw-p 00000000 00:00 0 
7f0998021000-7f099c000000 ---p 00000000 00:00 0 
7f099c000000-7f099c021000 rw-p 00000000 00:00 0 
7f099c021000-7f09a0000000 ---p 00000000 00:00 0 
7f09a0000000-7f09a0021000 rw-p 00000000 00:00 0 
7f09a0021000-7f09a4000000 ---p 00000000 00:00 0 
7f09a4000000-7f09a4035000 rw-p 00000000 00:00 0 
7f09a4035000-7f09a8000000 ---p 00000000 00:00 0 
7f09a8000000-7f09a8021000 rw-p 00000000 00:00 0 
7f09a8021000-7f09ac000000 ---p 00000000 00:00 0 
7f09ac000000-7f09ac046000 rw-p 00000000 00:00 0 
7f09ac046000-7f09b0000000 ---p 00000000 00:00 0 
7f09b0000000-7f09b0021000 rw-p 00000000 00:00 0 
7f09b0021000-7f09b4000000 ---p 00000000 00:00 0 
7f09b4000000-7f09b4021000 rw-p 00000000 00:00 0 
7f09b4021000-7f09b8000000 ---p 00000000 00:00 0 
7f09b8000000-7f09b8021000 rw-p 00000000 00:00 0 
7f09b8021000-7f09bc000000 ---p 00000000 00:00 0 
7f09bc000000-7f09bc021000 rw-p 00000000 00:00 0 
7f09bc021000-7f09c0000000 ---p 00000000 00:00 0 
7f09c0000000-7f09c0021000 rw-p 00000000 00:00 0 
7f09c0021000-7f09c4000000 ---p 00000000 00:00 0 
7f09c7a75000-7f09c7cfc000 rw-p 00000000 00:00 0 
7f09c7cfc000-7f09c7cfe000 r-xp 00000000 08:01 3295543                    /home/philipp/Dropbox/Documents/05_Studium/99_GdBS_Labor/cTools/libKernelWrapper.so
7f09c7cfe000-7f09c7efd000 ---p 00002000 08:01 3295543                    /home/philipp/Dropbox/Documents/05_Studium/99_GdBS_Labor/cTools/libKernelWrapper.so
7f09c7efd000-7f09c7efe000 r--p 00001000 08:01 3295543                    /home/philipp/Dropbox/Documents/05_Studium/99_GdBS_Labor/cTools/libKernelWrapper.so
7f09c7efe000-7f09c7eff000 rw-p 00002000 08:01 3295543                    /home/philipp/Dropbox/Documents/05_Studium/99_GdBS_Labor/cTools/libKernelWrapper.so
7f09c7eff000-7f09c7f00000 ---p 00000000 00:00 0 
7f09c7f00000-7f09c8000000 rw-p 00000000 00:00 0 
7f09c8000000-7f09c8021000 rw-p 00000000 00:00 0 
7f09c8021000-7f09cc000000 ---p 00000000 00:00 0 
7f09cc04e000-7f09cc051000 ---p 00000000 00:00 0 
7f09cc051000-7f09cc14f000 rw-p 00000000 00:00 0 
7f09cc14f000-7f09cc150000 ---p 00000000 00:00 0 
7f09cc150000-7f09cc153000 ---p 00000000 00:00 0 
7f09cc153000-7f09d0000000 rw-p 00000000 00:00 0 
7f09d0000000-7f09d0021000 rw-p 00000000 00:00 0 
7f09d0021000-7f09d4000000 ---p 00000000 00:00 0 
7f09d4056000-7f09d407c000 r--p 00000000 08:01 5925461                    /usr/share/locale-langpack/de/LC_MESSAGES/libc.mo
7f09d407c000-7f09d407d000 ---p 00000000 00:00 0 
7f09d407d000-7f09d4080000 ---p 00000000 00:00 0 
7f09d4080000-7f09d417d000 rw-p 00000000 00:00 0 
7f09d417d000-7f09d417e000 ---p 00000000 00:00 0 
7f09d417e000-7f09d4181000 ---p 00000000 00:00 0 
7f09d4181000-7f09d427e000 rw-p 00000000 00:00 0 
7f09d427e000-7f09d4281000 ---p 00000000 00:00 0 
7f09d4281000-7f09d437f000 rw-p 00000000 00:00 0 
7f09d437f000-7f09d46b5000 r--p 00000000 08:01 3146423                    /usr/lib/locale/locale-archive
7f09d46b5000-7f09d46b8000 ---p 00000000 00:00 0 
7f09d46b8000-7f09d47b6000 rw-p 00000000 00:00 0 
7f09d47b6000-7f09d47b9000 ---p 00000000 00:00 0 
7f09d47b9000-7f09d48b7000 rw-p 00000000 00:00 0 
7f09d48b7000-7f09d48b8000 ---p 00000000 00:00 0 
7f09d48b8000-7f09d5000000 rw-p 00000000 00:00 0 
7f09d5000000-7f09d5270000 rwxp 00000000 00:00 0 
7f09d5270000-7f09e4000000 ---p 00000000 00:00 0 
7f09e4000000-7f09e40fa000 rw-p 00000000 00:00 0 
7f09e40fa000-7f09e4103000 rw-p 00000000 00:00 0 
7f09e4103000-7f09e8000000 ---p 00000000 00:00 0 
7f09e8005000-7f09e800c000 r--s 00000000 08:01 3430668                    /usr/lib/x86_64-linux-gnu/gconv/gconv-modules.cache
7f09e800c000-7f09e8985000 rw-p 00000000 00:00 0 
7f09e8985000-7f09e8b5d000 r--s 03d2a000 08:01 3434038                    /usr/lib/jvm/java-8-oracle/jre/lib/rt.jar
7f09e8b5d000-7f09e9013000 rw-p 00000000 00:00 0 
7f09e9013000-7f09e93d3000 ---p 00000000 00:00 0 
7f09e93d3000-7f09e97ae000 rw-p 00000000 00:00 0 
7f09e97ae000-7f09e97af000 ---p 00000000 00:00 0 
7f09e97af000-7f09e98af000 rw-p 00000000 00:00 0 
7f09e98af000-7f09e98b0000 ---p 00000000 00:00 0 
7f09e98b0000-7f09e99b0000 rw-p 00000000 00:00 0 
7f09e99b0000-7f09e99b1000 ---p 00000000 00:00 0 
7f09e99b1000-7f09e9ab1000 rw-p 00000000 00:00 0 
7f09e9ab1000-7f09e9ab2000 ---p 00000000 00:00 0 
7f09e9ab2000-7f09e9bdc000 rw-p 00000000 00:00 0 
7f09e9bdc000-7f09e9e44000 ---p 00000000 00:00 0 
7f09e9e44000-7f09e9e6e000 rw-p 00000000 00:00 0 
7f09e9e6e000-7f09ea0d6000 ---p 00000000 00:00 0 
7f09ea0d6000-7f09ea0eb000 rw-p 00000000 00:00 0 
7f09ea0eb000-7f09ea21f000 ---p 00000000 00:00 0 
7f09ea21f000-7f09ea22a000 rw-p 00000000 00:00 0 
7f09ea22a000-7f09ea5e0000 ---p 00000000 00:00 0 
7f09ea5e0000-7f09ea5fa000 r-xp 00000000 08:01 4999125                    /usr/lib/jvm/java-8-oracle/jre/lib/amd64/libzip.so
7f09ea5fa000-7f09ea7fa000 ---p 0001a000 08:01 4999125                    /usr/lib/jvm/java-8-oracle/jre/lib/amd64/libzip.so
7f09ea7fa000-7f09ea7fb000 rw-p 0001a000 08:01 4999125                    /usr/lib/jvm/java-8-oracle/jre/lib/amd64/libzip.so
7f09ea7fb000-7f09ea806000 r-xp 00000000 08:01 6300134                    /lib/x86_64-linux-gnu/libnss_files-2.27.so
7f09ea806000-7f09eaa05000 ---p 0000b000 08:01 6300134                    /lib/x86_64-linux-gnu/libnss_files-2.27.so
7f09eaa05000-7f09eaa06000 r--p 0000a000 08:01 6300134                    /lib/x86_64-linux-gnu/libnss_files-2.27.so
7f09eaa06000-7f09eaa07000 rw-p 0000b000 08:01 6300134                    /lib/x86_64-linux-gnu/libnss_files-2.27.so
7f09eaa07000-7f09eaa0d000 rw-p 00000000 00:00 0 
7f09eaa0d000-7f09eaa24000 r-xp 00000000 08:01 6298480                    /lib/x86_64-linux-gnu/libnsl-2.27.so
7f09eaa24000-7f09eac23000 ---p 00017000 08:01 6298480                    /lib/x86_64-linux-gnu/libnsl-2.27.so
7f09eac23000-7f09eac24000 r--p 00016000 08:01 6298480                    /lib/x86_64-linux-gnu/libnsl-2.27.so
7f09eac24000-7f09eac25000 rw-p 00017000 08:01 6298480                    /lib/x86_64-linux-gnu/libnsl-2.27.so
7f09eac25000-7f09eac27000 rw-p 00000000 00:00 0 
7f09eac27000-7f09eac32000 r-xp 00000000 08:01 6300310                    /lib/x86_64-linux-gnu/libnss_nis-2.27.so
7f09eac32000-7f09eae31000 ---p 0000b000 08:01 6300310                    /lib/x86_64-linux-gnu/libnss_nis-2.27.so
7f09eae31000-7f09eae32000 r--p 0000a000 08:01 6300310                    /lib/x86_64-linux-gnu/libnss_nis-2.27.so
7f09eae32000-7f09eae33000 rw-p 0000b000 08:01 6300310                    /lib/x86_64-linux-gnu/libnss_nis-2.27.so
7f09eae33000-7f09eae3b000 r-xp 00000000 08:01 6298876                    /lib/x86_64-linux-gnu/libnss_compat-2.27.so
7f09eae3b000-7f09eb03b000 ---p 00008000 08:01 6298876                    /lib/x86_64-linux-gnu/libnss_compat-2.27.so
7f09eb03b000-7f09eb03c000 r--p 00008000 08:01 6298876                    /lib/x86_64-linux-gnu/libnss_compat-2.27.so
7f09eb03c000-7f09eb03d000 rw-p 00009000 08:01 6298876                    /lib/x86_64-linux-gnu/libnss_compat-2.27.so
7f09eb03d000-7f09eb068000 r-xp 00000000 08:01 4999152                    /usr/lib/jvm/java-8-oracle/jre/lib/amd64/libjava.so
7f09eb068000-7f09eb267000 ---p 0002b000 08:01 4999152                    /usr/lib/jvm/java-8-oracle/jre/lib/amd64/libjava.so
7f09eb267000-7f09eb269000 rw-p 0002a000 08:01 4999152                    /usr/lib/jvm/java-8-oracle/jre/lib/amd64/libjava.so
7f09eb269000-7f09eb276000 r-xp 00000000 08:01 4999103                    /usr/lib/jvm/java-8-oracle/jre/lib/amd64/libverify.so
7f09eb276000-7f09eb475000 ---p 0000d000 08:01 4999103                    /usr/lib/jvm/java-8-oracle/jre/lib/amd64/libverify.so
7f09eb475000-7f09eb477000 rw-p 0000c000 08:01 4999103                    /usr/lib/jvm/java-8-oracle/jre/lib/amd64/libverify.so
7f09eb477000-7f09eb47e000 r-xp 00000000 08:01 6300390                    /lib/x86_64-linux-gnu/librt-2.27.so
7f09eb47e000-7f09eb67d000 ---p 00007000 08:01 6300390                    /lib/x86_64-linux-gnu/librt-2.27.so
7f09eb67d000-7f09eb67e000 r--p 00006000 08:01 6300390                    /lib/x86_64-linux-gnu/librt-2.27.so
7f09eb67e000-7f09eb67f000 rw-p 00007000 08:01 6300390                    /lib/x86_64-linux-gnu/librt-2.27.so
7f09eb67f000-7f09eb81c000 r-xp 00000000 08:01 6298384                    /lib/x86_64-linux-gnu/libm-2.27.so
7f09eb81c000-7f09eba1b000 ---p 0019d000 08:01 6298384                    /lib/x86_64-linux-gnu/libm-2.27.so
7f09eba1b000-7f09eba1c000 r--p 0019c000 08:01 6298384                    /lib/x86_64-linux-gnu/libm-2.27.so
7f09eba1c000-7f09eba1d000 rw-p 0019d000 08:01 6298384                    /lib/x86_64-linux-gnu/libm-2.27.so
7f09eba1d000-7f09ec6ea000 r-xp 00000000 08:01 5133005                    /usr/lib/jvm/java-8-oracle/jre/lib/amd64/server/libjvm.so
7f09ec6ea000-7f09ec8e9000 ---p 00ccd000 08:01 5133005                    /usr/lib/jvm/java-8-oracle/jre/lib/amd64/server/libjvm.so
7f09ec8e9000-7f09ec9c2000 rw-p 00ccc000 08:01 5133005                    /usr/lib/jvm/java-8-oracle/jre/lib/amd64/server/libjvm.so
7f09ec9c2000-7f09eca0d000 rw-p 00000000 00:00 0 
7f09eca0d000-7f09ecbf4000 r-xp 00000000 08:01 6298286                    /lib/x86_64-linux-gnu/libc-2.27.so
7f09ecbf4000-7f09ecdf4000 ---p 001e7000 08:01 6298286                    /lib/x86_64-linux-gnu/libc-2.27.so
7f09ecdf4000-7f09ecdf8000 r--p 001e7000 08:01 6298286                    /lib/x86_64-linux-gnu/libc-2.27.so
7f09ecdf8000-7f09ecdfa000 rw-p 001eb000 08:01 6298286                    /lib/x86_64-linux-gnu/libc-2.27.so
7f09ecdfa000-7f09ecdfe000 rw-p 00000000 00:00 0 
7f09ecdfe000-7f09ece01000 r-xp 00000000 08:01 6298376                    /lib/x86_64-linux-gnu/libdl-2.27.so
7f09ece01000-7f09ed000000 ---p 00003000 08:01 6298376                    /lib/x86_64-linux-gnu/libdl-2.27.so
7f09ed000000-7f09ed001000 r--p 00002000 08:01 6298376                    /lib/x86_64-linux-gnu/libdl-2.27.so
7f09ed001000-7f09ed002000 rw-p 00003000 08:01 6298376                    /lib/x86_64-linux-gnu/libdl-2.27.so
7f09ed002000-7f09ed017000 r-xp 00000000 08:01 4999141                    /usr/lib/jvm/java-8-oracle/jre/lib/amd64/jli/libjli.so
7f09ed017000-7f09ed217000 ---p 00015000 08:01 4999141                    /usr/lib/jvm/java-8-oracle/jre/lib/amd64/jli/libjli.so
7f09ed217000-7f09ed218000 rw-p 00015000 08:01 4999141                    /usr/lib/jvm/java-8-oracle/jre/lib/amd64/jli/libjli.so
7f09ed218000-7f09ed232000 r-xp 00000000 08:01 6300350                    /lib/x86_64-linux-gnu/libpthread-2.27.so
7f09ed232000-7f09ed431000 ---p 0001a000 08:01 6300350                    /lib/x86_64-linux-gnu/libpthread-2.27.so
7f09ed431000-7f09ed432000 r--p 00019000 08:01 6300350                    /lib/x86_64-linux-gnu/libpthread-2.27.so
7f09ed432000-7f09ed433000 rw-p 0001a000 08:01 6300350                    /lib/x86_64-linux-gnu/libpthread-2.27.so
7f09ed433000-7f09ed437000 rw-p 00000000 00:00 0 
7f09ed437000-7f09ed45e000 r-xp 00000000 08:01 6297984                    /lib/x86_64-linux-gnu/ld-2.27.so
7f09ed460000-7f09ed525000 rw-p 00000000 00:00 0 
7f09ed525000-7f09ed526000 ---p 00000000 00:00 0 
7f09ed526000-7f09ed529000 ---p 00000000 00:00 0 
7f09ed529000-7f09ed628000 rw-p 00000000 00:00 0 
7f09ed62b000-7f09ed652000 rw-p 00000000 00:00 0 
7f09ed652000-7f09ed65a000 rw-s 00000000 08:01 2633710                    /tmp/hsperfdata_philipp/28650
7f09ed65a000-7f09ed65b000 rw-p 00000000 00:00 0 
7f09ed65b000-7f09ed65c000 r--p 00000000 00:00 0 
7f09ed65c000-7f09ed65e000 rw-p 00000000 00:00 0 
7f09ed65e000-7f09ed65f000 r--p 00027000 08:01 6297984                    /lib/x86_64-linux-gnu/ld-2.27.so
7f09ed65f000-7f09ed660000 rw-p 00028000 08:01 6297984                    /lib/x86_64-linux-gnu/ld-2.27.so
7f09ed660000-7f09ed661000 rw-p 00000000 00:00 0 
7ffd6e473000-7ffd6e494000 rw-p 00000000 00:00 0                          [stack]
7ffd6e5e5000-7ffd6e5e8000 r--p 00000000 00:00 0                          [vvar]
7ffd6e5e8000-7ffd6e5ea000 r-xp 00000000 00:00 0                          [vdso]
ffffffffff600000-ffffffffff601000 r-xp 00000000 00:00 0                  [vsyscall]

VM Arguments:
java_command: customShell
java_class_path (initial): .
Launcher Type: SUN_STANDARD

Environment Variables:
PATH=/usr/local/sbin:/usr/local/bin:/usr/sbin:/usr/bin:/sbin:/bin:/usr/games:/usr/local/games:/snap/bin
USERNAME=philipp
LD_LIBRARY_PATH=./cTools
SHELL=/usr/bin/zsh
DISPLAY=:0

Signal Handlers:
SIGSEGV: [libjvm.so+0xac64b0], sa_mask[0]=11111111011111111101111111111110, sa_flags=SA_RESTART|SA_SIGINFO
SIGBUS: [libjvm.so+0xac64b0], sa_mask[0]=11111111011111111101111111111110, sa_flags=SA_RESTART|SA_SIGINFO
SIGFPE: [libjvm.so+0x91f950], sa_mask[0]=11111111011111111101111111111110, sa_flags=SA_RESTART|SA_SIGINFO
SIGPIPE: [libjvm.so+0x91f950], sa_mask[0]=11111111011111111101111111111110, sa_flags=SA_RESTART|SA_SIGINFO
SIGXFSZ: [libjvm.so+0x91f950], sa_mask[0]=11111111011111111101111111111110, sa_flags=SA_RESTART|SA_SIGINFO
SIGILL: [libjvm.so+0x91f950], sa_mask[0]=11111111011111111101111111111110, sa_flags=SA_RESTART|SA_SIGINFO
SIGUSR1: SIG_DFL, sa_mask[0]=00000000000000000000000000000000, sa_flags=none
SIGUSR2: [libjvm.so+0x920f80], sa_mask[0]=00000000000000000000000000000000, sa_flags=SA_RESTART|SA_SIGINFO
SIGHUP: [libjvm.so+0x922380], sa_mask[0]=11111111011111111101111111111110, sa_flags=SA_RESTART|SA_SIGINFO
SIGINT: [libjvm.so+0x922380], sa_mask[0]=11111111011111111101111111111110, sa_flags=SA_RESTART|SA_SIGINFO
SIGTERM: [libjvm.so+0x922380], sa_mask[0]=11111111011111111101111111111110, sa_flags=SA_RESTART|SA_SIGINFO
SIGQUIT: [libjvm.so+0x922380], sa_mask[0]=11111111011111111101111111111110, sa_flags=SA_RESTART|SA_SIGINFO


---------------  S Y S T E M  ---------------

OS:DISTRIB_ID=Ubuntu
DISTRIB_RELEASE=18.04
DISTRIB_CODENAME=bionic
DISTRIB_DESCRIPTION="Ubuntu 18.04.1 LTS"

uname:Linux 4.15.0-43-generic #46-Ubuntu SMP Thu Dec 6 14:45:28 UTC 2018 x86_64
libc:glibc 2.27 NPTL 2.27 
rlimit: STACK 8192k, CORE 0k, NPROC 31305, NOFILE 4096, AS infinity
load average:0,85 1,71 2,02

/proc/meminfo:
MemTotal:        8078472 kB
MemFree:          636252 kB
MemAvailable:    3907812 kB
Buffers:          705584 kB
Cached:          3090176 kB
SwapCached:            0 kB
Active:          4591212 kB
Inactive:        2394720 kB
Active(anon):    3192360 kB
Inactive(anon):   414884 kB
Active(file):    1398852 kB
Inactive(file):  1979836 kB
Unevictable:         368 kB
Mlocked:             368 kB
SwapTotal:             0 kB
SwapFree:              0 kB
Dirty:              4168 kB
Writeback:             0 kB
AnonPages:       3190592 kB
Mapped:           727232 kB
Shmem:            417076 kB
Slab:             298736 kB
SReclaimable:     196608 kB
SUnreclaim:       102128 kB
KernelStack:       16928 kB
PageTables:        64524 kB
NFS_Unstable:          0 kB
Bounce:                0 kB
WritebackTmp:          0 kB
CommitLimit:     4039236 kB
Committed_AS:   10038060 kB
VmallocTotal:   34359738367 kB
VmallocUsed:           0 kB
VmallocChunk:          0 kB
HardwareCorrupted:     0 kB
AnonHugePages:         0 kB
ShmemHugePages:        0 kB
ShmemPmdMapped:        0 kB
CmaTotal:              0 kB
CmaFree:               0 kB
HugePages_Total:       0
HugePages_Free:        0
HugePages_Rsvd:        0
HugePages_Surp:        0
Hugepagesize:       2048 kB
DirectMap4k:      319544 kB
DirectMap2M:     7979008 kB
DirectMap1G:     1048576 kB


CPU:total 4 (2 cores per cpu, 2 threads per core) family 6 model 61 stepping 4, cmov, cx8, fxsr, mmx, sse, sse2, sse3, ssse3, sse4.1, sse4.2, popcnt, avx, avx2, aes, clmul, erms, 3dnowpref, lzcnt, ht, tsc, tscinvbit, bmi1, bmi2, adx

/proc/cpuinfo:
processor	: 0
vendor_id	: GenuineIntel
cpu family	: 6
model		: 61
model name	: Intel(R) Core(TM) i5-5200U CPU @ 2.20GHz
stepping	: 4
microcode	: 0x2b
cpu MHz		: 2320.313
cache size	: 3072 KB
physical id	: 0
siblings	: 4
core id		: 0
cpu cores	: 2
apicid		: 0
initial apicid	: 0
fpu		: yes
fpu_exception	: yes
cpuid level	: 20
wp		: yes
flags		: fpu vme de pse tsc msr pae mce cx8 apic sep mtrr pge mca cmov pat pse36 clflush dts acpi mmx fxsr sse sse2 ss ht tm pbe syscall nx pdpe1gb rdtscp lm constant_tsc arch_perfmon pebs bts rep_good nopl xtopology nonstop_tsc cpuid aperfmperf pni pclmulqdq dtes64 monitor ds_cpl vmx est tm2 ssse3 sdbg fma cx16 xtpr pdcm pcid sse4_1 sse4_2 x2apic movbe popcnt tsc_deadline_timer aes xsave avx f16c rdrand lahf_lm abm 3dnowprefetch cpuid_fault epb invpcid_single pti ssbd ibrs ibpb stibp tpr_shadow vnmi flexpriority ept vpid fsgsbase tsc_adjust bmi1 avx2 smep bmi2 erms invpcid rdseed adx smap intel_pt xsaveopt dtherm ida arat pln pts flush_l1d
bugs		: cpu_meltdown spectre_v1 spectre_v2 spec_store_bypass l1tf
bogomips	: 4389.74
clflush size	: 64
cache_alignment	: 64
address sizes	: 39 bits physical, 48 bits virtual
power management:

processor	: 1
vendor_id	: GenuineIntel
cpu family	: 6
model		: 61
model name	: Intel(R) Core(TM) i5-5200U CPU @ 2.20GHz
stepping	: 4
microcode	: 0x2b
cpu MHz		: 2315.435
cache size	: 3072 KB
physical id	: 0
siblings	: 4
core id		: 1
cpu cores	: 2
apicid		: 2
initial apicid	: 2
fpu		: yes
fpu_exception	: yes
cpuid level	: 20
wp		: yes
flags		: fpu vme de pse tsc msr pae mce cx8 apic sep mtrr pge mca cmov pat pse36 clflush dts acpi mmx fxsr sse sse2 ss ht tm pbe syscall nx pdpe1gb rdtscp lm constant_tsc arch_perfmon pebs bts rep_good nopl xtopology nonstop_tsc cpuid aperfmperf pni pclmulqdq dtes64 monitor ds_cpl vmx est tm2 ssse3 sdbg fma cx16 xtpr pdcm pcid sse4_1 sse4_2 x2apic movbe popcnt tsc_deadline_timer aes xsave avx f16c rdrand lahf_lm abm 3dnowprefetch cpuid_fault epb invpcid_single pti ssbd ibrs ibpb stibp tpr_shadow vnmi flexpriority ept vpid fsgsbase tsc_adjust bmi1 avx2 smep bmi2 erms invpcid rdseed adx smap intel_pt xsaveopt dtherm ida arat pln pts flush_l1d
bugs		: cpu_meltdown spectre_v1 spectre_v2 spec_store_bypass l1tf
bogomips	: 4389.74
clflush size	: 64
cache_alignment	: 64
address sizes	: 39 bits physical, 48 bits virtual
power management:

processor	: 2
vendor_id	: GenuineIntel
cpu family	: 6
model		: 61
model name	: Intel(R) Core(TM) i5-5200U CPU @ 2.20GHz
stepping	: 4
microcode	: 0x2b
cpu MHz		: 2296.433
cache size	: 3072 KB
physical id	: 0
siblings	: 4
core id		: 0
cpu cores	: 2
apicid		: 1
initial apicid	: 1
fpu		: yes
fpu_exception	: yes
cpuid level	: 20
wp		: yes
flags		: fpu vme de pse tsc msr pae mce cx8 apic sep mtrr pge mca cmov pat pse36 clflush dts acpi mmx fxsr sse sse2 ss ht tm pbe syscall nx pdpe1gb rdtscp lm constant_tsc arch_perfmon pebs bts rep_good nopl xtopology nonstop_tsc cpuid aperfmperf pni pclmulqdq dtes64 monitor ds_cpl vmx est tm2 ssse3 sdbg fma cx16 xtpr pdcm pcid sse4_1 sse4_2 x2apic movbe popcnt tsc_deadline_timer aes xsave avx f16c rdrand lahf_lm abm 3dnowprefetch cpuid_fault epb invpcid_single pti ssbd ibrs ibpb stibp tpr_shadow vnmi flexpriority ept vpid fsgsbase tsc_adjust bmi1 avx2 smep bmi2 erms invpcid rdseed adx smap intel_pt xsaveopt dtherm ida arat pln pts flush_l1d
bugs		: cpu_meltdown spectre_v1 spectre_v2 spec_store_bypass l1tf
bogomips	: 4389.74
clflush size	: 64
cache_alignment	: 64
address sizes	: 39 bits physical, 48 bits virtual
power management:

processor	: 3
vendor_id	: GenuineIntel
cpu family	: 6
model		: 61
model name	: Intel(R) Core(TM) i5-5200U CPU @ 2.20GHz
stepping	: 4
microcode	: 0x2b
cpu MHz		: 2398.256
cache size	: 3072 KB
physical id	: 0
siblings	: 4
core id		: 1
cpu cores	: 2
apicid		: 3
initial apicid	: 3
fpu		: yes
fpu_exception	: yes
cpuid level	: 20
wp		: yes
flags		: fpu vme de pse tsc msr pae mce cx8 apic sep mtrr pge mca cmov pat pse36 clflush dts acpi mmx fxsr sse sse2 ss ht tm pbe syscall nx pdpe1gb rdtscp lm constant_tsc arch_perfmon pebs bts rep_good nopl xtopology nonstop_tsc cpuid aperfmperf pni pclmulqdq dtes64 monitor ds_cpl vmx est tm2 ssse3 sdbg fma cx16 xtpr pdcm pcid sse4_1 sse4_2 x2apic movbe popcnt tsc_deadline_timer aes xsave avx f16c rdrand lahf_lm abm 3dnowprefetch cpuid_fault epb invpcid_single pti ssbd ibrs ibpb stibp tpr_shadow vnmi flexpriority ept vpid fsgsbase tsc_adjust bmi1 avx2 smep bmi2 erms invpcid rdseed adx smap intel_pt xsaveopt dtherm ida arat pln pts flush_l1d
bugs		: cpu_meltdown spectre_v1 spectre_v2 spec_store_bypass l1tf
bogomips	: 4389.74
clflush size	: 64
cache_alignment	: 64
address sizes	: 39 bits physical, 48 bits virtual
power management:



Memory: 4k page, physical 8078472k(636252k free), swap 0k(0k free)

vm_info: Java HotSpot(TM) 64-Bit Server VM (25.111-b14) for linux-amd64 JRE (1.8.0_111-b14), built on Sep 22 2016 16:14:03 by "java_re" with gcc 4.3.0 20080428 (Red Hat 4.3.0-8)

time: Tue Jan  8 15:24:02 2019
elapsed time: 7 seconds (0d 0h 0m 7s)

